2023-09-19 22:31:32 [RSPPProject] info: 모듈 로딩 완료. 초기화 개시.
2023-09-19 22:31:32 [RSPPProject] info: 초기화되었습니다.
2023-09-19 22:31:32 [RSPPProject] info: 시작되었습니다!
2023-09-19 22:31:31 [RSPPProject] info: 세션 저장소 준비 ✔
2023-09-19 22:31:32 [RSPPProject] info: 세션 매니저 준비 ✔
2023-09-19 22:31:32 [RSPPProject] info: 직책 매니저 준비 ✔
2023-09-19 22:40:10 [RSPPProject] info: 모듈 로딩 완료. 초기화 개시.
2023-09-19 22:40:09 [RSPPProject] info: 세션 저장소 준비 ✔
2023-09-19 22:40:10 [RSPPProject] info: 세션 매니저 준비 ✔
2023-09-19 22:40:10 [RSPPProject] info: 직책 매니저 준비 ✔
2023-09-19 22:40:22 [RSPPProject] info: 모듈 로딩 완료. 초기화 개시.
2023-09-19 22:40:23 [RSPPProject] info: 초기화되었습니다.
2023-09-19 22:40:23 [RSPPProject] info: 시작되었습니다!
2023-09-19 22:40:21 [RSPPProject] info: 세션 저장소 준비 ✔
2023-09-19 22:40:22 [RSPPProject] info: 세션 매니저 준비 ✔
2023-09-19 22:40:22 [RSPPProject] info: 직책 매니저 준비 ✔
2023-09-19 22:56:59 [RSPPProject] info: 모듈 로딩 완료. 초기화 개시.
2023-09-19 22:57:00 [RSPPProject] info: 초기화되었습니다.
2023-09-19 22:57:00 [RSPPProject] info: 시작되었습니다!
2023-09-19 22:56:58 [RSPPProject] info: 세션 저장소 준비 ✔
2023-09-19 22:56:59 [RSPPProject] info: 세션 매니저 준비 ✔
2023-09-19 22:56:59 [RSPPProject] info: 직책 매니저 준비 ✔
2023-09-19 22:57:20 [RSPPProject] info: 모듈 로딩 완료. 초기화 개시.
2023-09-19 22:57:21 [RSPPProject] info: 초기화되었습니다.
2023-09-19 22:57:21 [RSPPProject] info: 시작되었습니다!
2023-09-19 22:57:19 [RSPPProject] info: 세션 저장소 준비 ✔
2023-09-19 22:57:20 [RSPPProject] info: 세션 매니저 준비 ✔
2023-09-19 22:57:20 [RSPPProject] info: 직책 매니저 준비 ✔
