2023-09-15 14:06:12 [RSPPProject] error: uncaughtException: Cannot add or update a child row: a foreign key constraint fails (`rspp`.`login`, CONSTRAINT `login_ibfk_1` FOREIGN KEY (`id`) REFERENCES `user` (`id`) ON DELETE CASCADE ON UPDATE CASCADE)
Error
    at Query.run (C:\Users\homehome\Desktop\projects\rsppproject\node_modules\sequelize\lib\dialects\mysql\query.js:52:25)
    at C:\Users\homehome\Desktop\projects\rsppproject\node_modules\sequelize\lib\sequelize.js:315:28
    at process.processTicksAndRejections (node:internal/process/task_queues:95:5)
    at async MySQLQueryInterface.insert (C:\Users\homehome\Desktop\projects\rsppproject\node_modules\sequelize\lib\dialects\abstract\query-interface.js:308:21)
    at async model.save (C:\Users\homehome\Desktop\projects\rsppproject\node_modules\sequelize\lib\model.js:2490:35)
    at async login.create (C:\Users\homehome\Desktop\projects\rsppproject\node_modules\sequelize\lib\model.js:1362:12)
2023-09-15 14:06:12 [RSPPProject] error: uncaughtException: Cannot add or update a child row: a foreign key constraint fails (`rspp`.`login`, CONSTRAINT `login_ibfk_1` FOREIGN KEY (`id`) REFERENCES `user` (`id`) ON DELETE CASCADE ON UPDATE CASCADE)
Error
    at Query.run (C:\Users\homehome\Desktop\projects\rsppproject\node_modules\sequelize\lib\dialects\mysql\query.js:52:25)
    at C:\Users\homehome\Desktop\projects\rsppproject\node_modules\sequelize\lib\sequelize.js:315:28
    at process.processTicksAndRejections (node:internal/process/task_queues:95:5)
    at async MySQLQueryInterface.insert (C:\Users\homehome\Desktop\projects\rsppproject\node_modules\sequelize\lib\dialects\abstract\query-interface.js:308:21)
    at async model.save (C:\Users\homehome\Desktop\projects\rsppproject\node_modules\sequelize\lib\model.js:2490:35)
    at async login.create (C:\Users\homehome\Desktop\projects\rsppproject\node_modules\sequelize\lib\model.js:1362:12)
2023-09-15 14:06:12 [RSPPProject] error: uncaughtException: Cannot add or update a child row: a foreign key constraint fails (`rspp`.`login`, CONSTRAINT `login_ibfk_1` FOREIGN KEY (`id`) REFERENCES `user` (`id`) ON DELETE CASCADE ON UPDATE CASCADE)
Error
    at Query.run (C:\Users\homehome\Desktop\projects\rsppproject\node_modules\sequelize\lib\dialects\mysql\query.js:52:25)
    at C:\Users\homehome\Desktop\projects\rsppproject\node_modules\sequelize\lib\sequelize.js:315:28
    at process.processTicksAndRejections (node:internal/process/task_queues:95:5)
    at async MySQLQueryInterface.insert (C:\Users\homehome\Desktop\projects\rsppproject\node_modules\sequelize\lib\dialects\abstract\query-interface.js:308:21)
    at async model.save (C:\Users\homehome\Desktop\projects\rsppproject\node_modules\sequelize\lib\model.js:2490:35)
    at async login.create (C:\Users\homehome\Desktop\projects\rsppproject\node_modules\sequelize\lib\model.js:1362:12)
2023-09-15 14:09:20 [RSPPProject] error: uncaughtException: Cannot add or update a child row: a foreign key constraint fails (`rspp`.`login`, CONSTRAINT `login_ibfk_1` FOREIGN KEY (`id`) REFERENCES `user` (`id`) ON DELETE CASCADE ON UPDATE CASCADE)
Error
    at Query.run (C:\Users\homehome\Desktop\projects\rsppproject\node_modules\sequelize\lib\dialects\mysql\query.js:52:25)
    at C:\Users\homehome\Desktop\projects\rsppproject\node_modules\sequelize\lib\sequelize.js:315:28
    at process.processTicksAndRejections (node:internal/process/task_queues:95:5)
    at async MySQLQueryInterface.insert (C:\Users\homehome\Desktop\projects\rsppproject\node_modules\sequelize\lib\dialects\abstract\query-interface.js:308:21)
    at async model.save (C:\Users\homehome\Desktop\projects\rsppproject\node_modules\sequelize\lib\model.js:2490:35)
    at async login.create (C:\Users\homehome\Desktop\projects\rsppproject\node_modules\sequelize\lib\model.js:1362:12)
2023-09-15 14:09:20 [RSPPProject] error: uncaughtException: Cannot add or update a child row: a foreign key constraint fails (`rspp`.`login`, CONSTRAINT `login_ibfk_1` FOREIGN KEY (`id`) REFERENCES `user` (`id`) ON DELETE CASCADE ON UPDATE CASCADE)
Error
    at Query.run (C:\Users\homehome\Desktop\projects\rsppproject\node_modules\sequelize\lib\dialects\mysql\query.js:52:25)
    at C:\Users\homehome\Desktop\projects\rsppproject\node_modules\sequelize\lib\sequelize.js:315:28
    at process.processTicksAndRejections (node:internal/process/task_queues:95:5)
    at async MySQLQueryInterface.insert (C:\Users\homehome\Desktop\projects\rsppproject\node_modules\sequelize\lib\dialects\abstract\query-interface.js:308:21)
    at async model.save (C:\Users\homehome\Desktop\projects\rsppproject\node_modules\sequelize\lib\model.js:2490:35)
    at async login.create (C:\Users\homehome\Desktop\projects\rsppproject\node_modules\sequelize\lib\model.js:1362:12)
2023-09-15 14:09:20 [RSPPProject] error: uncaughtException: Cannot add or update a child row: a foreign key constraint fails (`rspp`.`login`, CONSTRAINT `login_ibfk_1` FOREIGN KEY (`id`) REFERENCES `user` (`id`) ON DELETE CASCADE ON UPDATE CASCADE)
Error
    at Query.run (C:\Users\homehome\Desktop\projects\rsppproject\node_modules\sequelize\lib\dialects\mysql\query.js:52:25)
    at C:\Users\homehome\Desktop\projects\rsppproject\node_modules\sequelize\lib\sequelize.js:315:28
    at process.processTicksAndRejections (node:internal/process/task_queues:95:5)
    at async MySQLQueryInterface.insert (C:\Users\homehome\Desktop\projects\rsppproject\node_modules\sequelize\lib\dialects\abstract\query-interface.js:308:21)
    at async model.save (C:\Users\homehome\Desktop\projects\rsppproject\node_modules\sequelize\lib\model.js:2490:35)
    at async login.create (C:\Users\homehome\Desktop\projects\rsppproject\node_modules\sequelize\lib\model.js:1362:12)
2023-09-15 14:13:29 [RSPPProject] error: uncaughtException: Cannot add or update a child row: a foreign key constraint fails (`rspp`.`login`, CONSTRAINT `login_ibfk_1` FOREIGN KEY (`id`) REFERENCES `user` (`id`) ON DELETE CASCADE ON UPDATE CASCADE)
Error
    at Query.run (C:\Users\homehome\Desktop\projects\rsppproject\node_modules\sequelize\lib\dialects\mysql\query.js:52:25)
    at C:\Users\homehome\Desktop\projects\rsppproject\node_modules\sequelize\lib\sequelize.js:315:28
    at process.processTicksAndRejections (node:internal/process/task_queues:95:5)
    at async MySQLQueryInterface.insert (C:\Users\homehome\Desktop\projects\rsppproject\node_modules\sequelize\lib\dialects\abstract\query-interface.js:308:21)
    at async model.save (C:\Users\homehome\Desktop\projects\rsppproject\node_modules\sequelize\lib\model.js:2490:35)
    at async login.create (C:\Users\homehome\Desktop\projects\rsppproject\node_modules\sequelize\lib\model.js:1362:12)
2023-09-15 14:13:29 [RSPPProject] error: uncaughtException: Cannot add or update a child row: a foreign key constraint fails (`rspp`.`login`, CONSTRAINT `login_ibfk_1` FOREIGN KEY (`id`) REFERENCES `user` (`id`) ON DELETE CASCADE ON UPDATE CASCADE)
Error
    at Query.run (C:\Users\homehome\Desktop\projects\rsppproject\node_modules\sequelize\lib\dialects\mysql\query.js:52:25)
    at C:\Users\homehome\Desktop\projects\rsppproject\node_modules\sequelize\lib\sequelize.js:315:28
    at process.processTicksAndRejections (node:internal/process/task_queues:95:5)
    at async MySQLQueryInterface.insert (C:\Users\homehome\Desktop\projects\rsppproject\node_modules\sequelize\lib\dialects\abstract\query-interface.js:308:21)
    at async model.save (C:\Users\homehome\Desktop\projects\rsppproject\node_modules\sequelize\lib\model.js:2490:35)
    at async login.create (C:\Users\homehome\Desktop\projects\rsppproject\node_modules\sequelize\lib\model.js:1362:12)
2023-09-15 14:13:29 [RSPPProject] error: uncaughtException: Cannot add or update a child row: a foreign key constraint fails (`rspp`.`login`, CONSTRAINT `login_ibfk_1` FOREIGN KEY (`id`) REFERENCES `user` (`id`) ON DELETE CASCADE ON UPDATE CASCADE)
Error
    at Query.run (C:\Users\homehome\Desktop\projects\rsppproject\node_modules\sequelize\lib\dialects\mysql\query.js:52:25)
    at C:\Users\homehome\Desktop\projects\rsppproject\node_modules\sequelize\lib\sequelize.js:315:28
    at process.processTicksAndRejections (node:internal/process/task_queues:95:5)
    at async MySQLQueryInterface.insert (C:\Users\homehome\Desktop\projects\rsppproject\node_modules\sequelize\lib\dialects\abstract\query-interface.js:308:21)
    at async model.save (C:\Users\homehome\Desktop\projects\rsppproject\node_modules\sequelize\lib\model.js:2490:35)
    at async login.create (C:\Users\homehome\Desktop\projects\rsppproject\node_modules\sequelize\lib\model.js:1362:12)
2023-09-15 14:15:35 [RSPPProject] error: uncaughtException: Naming collision between attribute 'user' and association 'user' on model login. To remedy this, change either foreignKey or as in your association definition
Error: Naming collision between attribute 'user' and association 'user' on model login. To remedy this, change either foreignKey or as in your association definition
    at Object.checkNamingCollision (C:\Users\homehome\Desktop\projects\rsppproject\node_modules\sequelize\lib\associations\helpers.js:4:11)
    at BelongsTo._injectAttributes (C:\Users\homehome\Desktop\projects\rsppproject\node_modules\sequelize\lib\associations\belongs-to.js:86:13)
    at login.<anonymous> (C:\Users\homehome\Desktop\projects\rsppproject\node_modules\sequelize\lib\associations\mixin.js:72:17)
    at initModels (C:\Users\homehome\Desktop\projects\rsppproject\models\init-models.js:30:9)
    at Object.<anonymous> (C:\Users\homehome\Desktop\projects\rsppproject\sequelManager.js:20:13)
    at Module._compile (node:internal/modules/cjs/loader:1254:14)
    at Module._extensions..js (node:internal/modules/cjs/loader:1308:10)
    at Module.load (node:internal/modules/cjs/loader:1117:32)
    at Module._load (node:internal/modules/cjs/loader:958:12)
    at Module.require (node:internal/modules/cjs/loader:1141:19)
2023-09-15 14:15:35 [RSPPProject] error: uncaughtException: Naming collision between attribute 'user' and association 'user' on model login. To remedy this, change either foreignKey or as in your association definition
Error: Naming collision between attribute 'user' and association 'user' on model login. To remedy this, change either foreignKey or as in your association definition
    at Object.checkNamingCollision (C:\Users\homehome\Desktop\projects\rsppproject\node_modules\sequelize\lib\associations\helpers.js:4:11)
    at BelongsTo._injectAttributes (C:\Users\homehome\Desktop\projects\rsppproject\node_modules\sequelize\lib\associations\belongs-to.js:86:13)
    at login.<anonymous> (C:\Users\homehome\Desktop\projects\rsppproject\node_modules\sequelize\lib\associations\mixin.js:72:17)
    at initModels (C:\Users\homehome\Desktop\projects\rsppproject\models\init-models.js:30:9)
    at Object.<anonymous> (C:\Users\homehome\Desktop\projects\rsppproject\sequelManager.js:20:13)
    at Module._compile (node:internal/modules/cjs/loader:1254:14)
    at Module._extensions..js (node:internal/modules/cjs/loader:1308:10)
    at Module.load (node:internal/modules/cjs/loader:1117:32)
    at Module._load (node:internal/modules/cjs/loader:958:12)
    at Module.require (node:internal/modules/cjs/loader:1141:19)
2023-09-15 14:15:35 [RSPPProject] error: uncaughtException: Naming collision between attribute 'user' and association 'user' on model login. To remedy this, change either foreignKey or as in your association definition
Error: Naming collision between attribute 'user' and association 'user' on model login. To remedy this, change either foreignKey or as in your association definition
    at Object.checkNamingCollision (C:\Users\homehome\Desktop\projects\rsppproject\node_modules\sequelize\lib\associations\helpers.js:4:11)
    at BelongsTo._injectAttributes (C:\Users\homehome\Desktop\projects\rsppproject\node_modules\sequelize\lib\associations\belongs-to.js:86:13)
    at login.<anonymous> (C:\Users\homehome\Desktop\projects\rsppproject\node_modules\sequelize\lib\associations\mixin.js:72:17)
    at initModels (C:\Users\homehome\Desktop\projects\rsppproject\models\init-models.js:30:9)
    at Object.<anonymous> (C:\Users\homehome\Desktop\projects\rsppproject\sequelManager.js:20:13)
    at Module._compile (node:internal/modules/cjs/loader:1254:14)
    at Module._extensions..js (node:internal/modules/cjs/loader:1308:10)
    at Module.load (node:internal/modules/cjs/loader:1117:32)
    at Module._load (node:internal/modules/cjs/loader:958:12)
    at Module.require (node:internal/modules/cjs/loader:1141:19)
2023-09-15 14:16:01 [RSPPProject] error: uncaughtException: Naming collision between attribute 'user' and association 'user' on model login. To remedy this, change either foreignKey or as in your association definition
Error: Naming collision between attribute 'user' and association 'user' on model login. To remedy this, change either foreignKey or as in your association definition
    at Object.checkNamingCollision (C:\Users\homehome\Desktop\projects\rsppproject\node_modules\sequelize\lib\associations\helpers.js:4:11)
    at BelongsTo._injectAttributes (C:\Users\homehome\Desktop\projects\rsppproject\node_modules\sequelize\lib\associations\belongs-to.js:86:13)
    at login.<anonymous> (C:\Users\homehome\Desktop\projects\rsppproject\node_modules\sequelize\lib\associations\mixin.js:72:17)
    at initModels (C:\Users\homehome\Desktop\projects\rsppproject\models\init-models.js:30:9)
    at Object.<anonymous> (C:\Users\homehome\Desktop\projects\rsppproject\sequelManager.js:20:13)
    at Module._compile (node:internal/modules/cjs/loader:1254:14)
    at Module._extensions..js (node:internal/modules/cjs/loader:1308:10)
    at Module.load (node:internal/modules/cjs/loader:1117:32)
    at Module._load (node:internal/modules/cjs/loader:958:12)
    at Module.require (node:internal/modules/cjs/loader:1141:19)
2023-09-15 14:16:01 [RSPPProject] error: uncaughtException: Naming collision between attribute 'user' and association 'user' on model login. To remedy this, change either foreignKey or as in your association definition
Error: Naming collision between attribute 'user' and association 'user' on model login. To remedy this, change either foreignKey or as in your association definition
    at Object.checkNamingCollision (C:\Users\homehome\Desktop\projects\rsppproject\node_modules\sequelize\lib\associations\helpers.js:4:11)
    at BelongsTo._injectAttributes (C:\Users\homehome\Desktop\projects\rsppproject\node_modules\sequelize\lib\associations\belongs-to.js:86:13)
    at login.<anonymous> (C:\Users\homehome\Desktop\projects\rsppproject\node_modules\sequelize\lib\associations\mixin.js:72:17)
    at initModels (C:\Users\homehome\Desktop\projects\rsppproject\models\init-models.js:30:9)
    at Object.<anonymous> (C:\Users\homehome\Desktop\projects\rsppproject\sequelManager.js:20:13)
    at Module._compile (node:internal/modules/cjs/loader:1254:14)
    at Module._extensions..js (node:internal/modules/cjs/loader:1308:10)
    at Module.load (node:internal/modules/cjs/loader:1117:32)
    at Module._load (node:internal/modules/cjs/loader:958:12)
    at Module.require (node:internal/modules/cjs/loader:1141:19)
2023-09-15 14:16:01 [RSPPProject] error: uncaughtException: Naming collision between attribute 'user' and association 'user' on model login. To remedy this, change either foreignKey or as in your association definition
Error: Naming collision between attribute 'user' and association 'user' on model login. To remedy this, change either foreignKey or as in your association definition
    at Object.checkNamingCollision (C:\Users\homehome\Desktop\projects\rsppproject\node_modules\sequelize\lib\associations\helpers.js:4:11)
    at BelongsTo._injectAttributes (C:\Users\homehome\Desktop\projects\rsppproject\node_modules\sequelize\lib\associations\belongs-to.js:86:13)
    at login.<anonymous> (C:\Users\homehome\Desktop\projects\rsppproject\node_modules\sequelize\lib\associations\mixin.js:72:17)
    at initModels (C:\Users\homehome\Desktop\projects\rsppproject\models\init-models.js:30:9)
    at Object.<anonymous> (C:\Users\homehome\Desktop\projects\rsppproject\sequelManager.js:20:13)
    at Module._compile (node:internal/modules/cjs/loader:1254:14)
    at Module._extensions..js (node:internal/modules/cjs/loader:1308:10)
    at Module.load (node:internal/modules/cjs/loader:1117:32)
    at Module._load (node:internal/modules/cjs/loader:958:12)
    at Module.require (node:internal/modules/cjs/loader:1141:19)
2023-09-15 14:17:16 [RSPPProject] error: uncaughtException: Naming collision between attribute 'user' and association 'user' on model login. To remedy this, change either foreignKey or as in your association definition
Error: Naming collision between attribute 'user' and association 'user' on model login. To remedy this, change either foreignKey or as in your association definition
    at Object.checkNamingCollision (C:\Users\homehome\Desktop\projects\rsppproject\node_modules\sequelize\lib\associations\helpers.js:4:11)
    at BelongsTo._injectAttributes (C:\Users\homehome\Desktop\projects\rsppproject\node_modules\sequelize\lib\associations\belongs-to.js:86:13)
    at login.<anonymous> (C:\Users\homehome\Desktop\projects\rsppproject\node_modules\sequelize\lib\associations\mixin.js:72:17)
    at initModels (C:\Users\homehome\Desktop\projects\rsppproject\models\init-models.js:25:9)
    at Object.<anonymous> (C:\Users\homehome\Desktop\projects\rsppproject\sequelManager.js:20:13)
    at Module._compile (node:internal/modules/cjs/loader:1254:14)
    at Module._extensions..js (node:internal/modules/cjs/loader:1308:10)
    at Module.load (node:internal/modules/cjs/loader:1117:32)
    at Module._load (node:internal/modules/cjs/loader:958:12)
    at Module.require (node:internal/modules/cjs/loader:1141:19)
2023-09-15 14:17:16 [RSPPProject] error: uncaughtException: Naming collision between attribute 'user' and association 'user' on model login. To remedy this, change either foreignKey or as in your association definition
Error: Naming collision between attribute 'user' and association 'user' on model login. To remedy this, change either foreignKey or as in your association definition
    at Object.checkNamingCollision (C:\Users\homehome\Desktop\projects\rsppproject\node_modules\sequelize\lib\associations\helpers.js:4:11)
    at BelongsTo._injectAttributes (C:\Users\homehome\Desktop\projects\rsppproject\node_modules\sequelize\lib\associations\belongs-to.js:86:13)
    at login.<anonymous> (C:\Users\homehome\Desktop\projects\rsppproject\node_modules\sequelize\lib\associations\mixin.js:72:17)
    at initModels (C:\Users\homehome\Desktop\projects\rsppproject\models\init-models.js:25:9)
    at Object.<anonymous> (C:\Users\homehome\Desktop\projects\rsppproject\sequelManager.js:20:13)
    at Module._compile (node:internal/modules/cjs/loader:1254:14)
    at Module._extensions..js (node:internal/modules/cjs/loader:1308:10)
    at Module.load (node:internal/modules/cjs/loader:1117:32)
    at Module._load (node:internal/modules/cjs/loader:958:12)
    at Module.require (node:internal/modules/cjs/loader:1141:19)
2023-09-15 14:17:16 [RSPPProject] error: uncaughtException: Naming collision between attribute 'user' and association 'user' on model login. To remedy this, change either foreignKey or as in your association definition
Error: Naming collision between attribute 'user' and association 'user' on model login. To remedy this, change either foreignKey or as in your association definition
    at Object.checkNamingCollision (C:\Users\homehome\Desktop\projects\rsppproject\node_modules\sequelize\lib\associations\helpers.js:4:11)
    at BelongsTo._injectAttributes (C:\Users\homehome\Desktop\projects\rsppproject\node_modules\sequelize\lib\associations\belongs-to.js:86:13)
    at login.<anonymous> (C:\Users\homehome\Desktop\projects\rsppproject\node_modules\sequelize\lib\associations\mixin.js:72:17)
    at initModels (C:\Users\homehome\Desktop\projects\rsppproject\models\init-models.js:25:9)
    at Object.<anonymous> (C:\Users\homehome\Desktop\projects\rsppproject\sequelManager.js:20:13)
    at Module._compile (node:internal/modules/cjs/loader:1254:14)
    at Module._extensions..js (node:internal/modules/cjs/loader:1308:10)
    at Module.load (node:internal/modules/cjs/loader:1117:32)
    at Module._load (node:internal/modules/cjs/loader:958:12)
    at Module.require (node:internal/modules/cjs/loader:1141:19)
2023-09-15 14:17:26 [RSPPProject] error: uncaughtException: Naming collision between attribute 'user' and association 'user' on model login. To remedy this, change either foreignKey or as in your association definition
Error: Naming collision between attribute 'user' and association 'user' on model login. To remedy this, change either foreignKey or as in your association definition
    at Object.checkNamingCollision (C:\Users\homehome\Desktop\projects\rsppproject\node_modules\sequelize\lib\associations\helpers.js:4:11)
    at BelongsTo._injectAttributes (C:\Users\homehome\Desktop\projects\rsppproject\node_modules\sequelize\lib\associations\belongs-to.js:86:13)
    at login.<anonymous> (C:\Users\homehome\Desktop\projects\rsppproject\node_modules\sequelize\lib\associations\mixin.js:72:17)
    at initModels (C:\Users\homehome\Desktop\projects\rsppproject\models\init-models.js:25:9)
    at Object.<anonymous> (C:\Users\homehome\Desktop\projects\rsppproject\sequelManager.js:20:13)
    at Module._compile (node:internal/modules/cjs/loader:1254:14)
    at Module._extensions..js (node:internal/modules/cjs/loader:1308:10)
    at Module.load (node:internal/modules/cjs/loader:1117:32)
    at Module._load (node:internal/modules/cjs/loader:958:12)
    at Module.require (node:internal/modules/cjs/loader:1141:19)
2023-09-15 14:17:26 [RSPPProject] error: uncaughtException: Naming collision between attribute 'user' and association 'user' on model login. To remedy this, change either foreignKey or as in your association definition
Error: Naming collision between attribute 'user' and association 'user' on model login. To remedy this, change either foreignKey or as in your association definition
    at Object.checkNamingCollision (C:\Users\homehome\Desktop\projects\rsppproject\node_modules\sequelize\lib\associations\helpers.js:4:11)
    at BelongsTo._injectAttributes (C:\Users\homehome\Desktop\projects\rsppproject\node_modules\sequelize\lib\associations\belongs-to.js:86:13)
    at login.<anonymous> (C:\Users\homehome\Desktop\projects\rsppproject\node_modules\sequelize\lib\associations\mixin.js:72:17)
    at initModels (C:\Users\homehome\Desktop\projects\rsppproject\models\init-models.js:25:9)
    at Object.<anonymous> (C:\Users\homehome\Desktop\projects\rsppproject\sequelManager.js:20:13)
    at Module._compile (node:internal/modules/cjs/loader:1254:14)
    at Module._extensions..js (node:internal/modules/cjs/loader:1308:10)
    at Module.load (node:internal/modules/cjs/loader:1117:32)
    at Module._load (node:internal/modules/cjs/loader:958:12)
    at Module.require (node:internal/modules/cjs/loader:1141:19)
2023-09-15 14:17:26 [RSPPProject] error: uncaughtException: Naming collision between attribute 'user' and association 'user' on model login. To remedy this, change either foreignKey or as in your association definition
Error: Naming collision between attribute 'user' and association 'user' on model login. To remedy this, change either foreignKey or as in your association definition
    at Object.checkNamingCollision (C:\Users\homehome\Desktop\projects\rsppproject\node_modules\sequelize\lib\associations\helpers.js:4:11)
    at BelongsTo._injectAttributes (C:\Users\homehome\Desktop\projects\rsppproject\node_modules\sequelize\lib\associations\belongs-to.js:86:13)
    at login.<anonymous> (C:\Users\homehome\Desktop\projects\rsppproject\node_modules\sequelize\lib\associations\mixin.js:72:17)
    at initModels (C:\Users\homehome\Desktop\projects\rsppproject\models\init-models.js:25:9)
    at Object.<anonymous> (C:\Users\homehome\Desktop\projects\rsppproject\sequelManager.js:20:13)
    at Module._compile (node:internal/modules/cjs/loader:1254:14)
    at Module._extensions..js (node:internal/modules/cjs/loader:1308:10)
    at Module.load (node:internal/modules/cjs/loader:1117:32)
    at Module._load (node:internal/modules/cjs/loader:958:12)
    at Module.require (node:internal/modules/cjs/loader:1141:19)
2023-09-15 14:17:38 [RSPPProject] error: uncaughtException: Naming collision between attribute 'user' and association 'user' on model login. To remedy this, change either foreignKey or as in your association definition
Error: Naming collision between attribute 'user' and association 'user' on model login. To remedy this, change either foreignKey or as in your association definition
    at Object.checkNamingCollision (C:\Users\homehome\Desktop\projects\rsppproject\node_modules\sequelize\lib\associations\helpers.js:4:11)
    at BelongsTo._injectAttributes (C:\Users\homehome\Desktop\projects\rsppproject\node_modules\sequelize\lib\associations\belongs-to.js:86:13)
    at login.<anonymous> (C:\Users\homehome\Desktop\projects\rsppproject\node_modules\sequelize\lib\associations\mixin.js:72:17)
    at initModels (C:\Users\homehome\Desktop\projects\rsppproject\models\init-models.js:25:9)
    at Object.<anonymous> (C:\Users\homehome\Desktop\projects\rsppproject\sequelManager.js:20:13)
    at Module._compile (node:internal/modules/cjs/loader:1254:14)
    at Module._extensions..js (node:internal/modules/cjs/loader:1308:10)
    at Module.load (node:internal/modules/cjs/loader:1117:32)
    at Module._load (node:internal/modules/cjs/loader:958:12)
    at Module.require (node:internal/modules/cjs/loader:1141:19)
2023-09-15 14:17:38 [RSPPProject] error: uncaughtException: Naming collision between attribute 'user' and association 'user' on model login. To remedy this, change either foreignKey or as in your association definition
Error: Naming collision between attribute 'user' and association 'user' on model login. To remedy this, change either foreignKey or as in your association definition
    at Object.checkNamingCollision (C:\Users\homehome\Desktop\projects\rsppproject\node_modules\sequelize\lib\associations\helpers.js:4:11)
    at BelongsTo._injectAttributes (C:\Users\homehome\Desktop\projects\rsppproject\node_modules\sequelize\lib\associations\belongs-to.js:86:13)
    at login.<anonymous> (C:\Users\homehome\Desktop\projects\rsppproject\node_modules\sequelize\lib\associations\mixin.js:72:17)
    at initModels (C:\Users\homehome\Desktop\projects\rsppproject\models\init-models.js:25:9)
    at Object.<anonymous> (C:\Users\homehome\Desktop\projects\rsppproject\sequelManager.js:20:13)
    at Module._compile (node:internal/modules/cjs/loader:1254:14)
    at Module._extensions..js (node:internal/modules/cjs/loader:1308:10)
    at Module.load (node:internal/modules/cjs/loader:1117:32)
    at Module._load (node:internal/modules/cjs/loader:958:12)
    at Module.require (node:internal/modules/cjs/loader:1141:19)
2023-09-15 14:17:38 [RSPPProject] error: uncaughtException: Naming collision between attribute 'user' and association 'user' on model login. To remedy this, change either foreignKey or as in your association definition
Error: Naming collision between attribute 'user' and association 'user' on model login. To remedy this, change either foreignKey or as in your association definition
    at Object.checkNamingCollision (C:\Users\homehome\Desktop\projects\rsppproject\node_modules\sequelize\lib\associations\helpers.js:4:11)
    at BelongsTo._injectAttributes (C:\Users\homehome\Desktop\projects\rsppproject\node_modules\sequelize\lib\associations\belongs-to.js:86:13)
    at login.<anonymous> (C:\Users\homehome\Desktop\projects\rsppproject\node_modules\sequelize\lib\associations\mixin.js:72:17)
    at initModels (C:\Users\homehome\Desktop\projects\rsppproject\models\init-models.js:25:9)
    at Object.<anonymous> (C:\Users\homehome\Desktop\projects\rsppproject\sequelManager.js:20:13)
    at Module._compile (node:internal/modules/cjs/loader:1254:14)
    at Module._extensions..js (node:internal/modules/cjs/loader:1308:10)
    at Module.load (node:internal/modules/cjs/loader:1117:32)
    at Module._load (node:internal/modules/cjs/loader:958:12)
    at Module.require (node:internal/modules/cjs/loader:1141:19)
2023-09-15 14:18:07 [RSPPProject] error: uncaughtException: Cannot add or update a child row: a foreign key constraint fails (`rspp`.`login`, CONSTRAINT `login_ibfk_1` FOREIGN KEY (`id`) REFERENCES `user` (`id`) ON DELETE CASCADE ON UPDATE CASCADE)
Error
    at Query.run (C:\Users\homehome\Desktop\projects\rsppproject\node_modules\sequelize\lib\dialects\mysql\query.js:52:25)
    at C:\Users\homehome\Desktop\projects\rsppproject\node_modules\sequelize\lib\sequelize.js:315:28
    at process.processTicksAndRejections (node:internal/process/task_queues:95:5)
    at async MySQLQueryInterface.insert (C:\Users\homehome\Desktop\projects\rsppproject\node_modules\sequelize\lib\dialects\abstract\query-interface.js:308:21)
    at async model.save (C:\Users\homehome\Desktop\projects\rsppproject\node_modules\sequelize\lib\model.js:2490:35)
    at async login.create (C:\Users\homehome\Desktop\projects\rsppproject\node_modules\sequelize\lib\model.js:1362:12)
2023-09-15 14:18:07 [RSPPProject] error: uncaughtException: Cannot add or update a child row: a foreign key constraint fails (`rspp`.`login`, CONSTRAINT `login_ibfk_1` FOREIGN KEY (`id`) REFERENCES `user` (`id`) ON DELETE CASCADE ON UPDATE CASCADE)
Error
    at Query.run (C:\Users\homehome\Desktop\projects\rsppproject\node_modules\sequelize\lib\dialects\mysql\query.js:52:25)
    at C:\Users\homehome\Desktop\projects\rsppproject\node_modules\sequelize\lib\sequelize.js:315:28
    at process.processTicksAndRejections (node:internal/process/task_queues:95:5)
    at async MySQLQueryInterface.insert (C:\Users\homehome\Desktop\projects\rsppproject\node_modules\sequelize\lib\dialects\abstract\query-interface.js:308:21)
    at async model.save (C:\Users\homehome\Desktop\projects\rsppproject\node_modules\sequelize\lib\model.js:2490:35)
    at async login.create (C:\Users\homehome\Desktop\projects\rsppproject\node_modules\sequelize\lib\model.js:1362:12)
2023-09-15 14:18:07 [RSPPProject] error: uncaughtException: Cannot add or update a child row: a foreign key constraint fails (`rspp`.`login`, CONSTRAINT `login_ibfk_1` FOREIGN KEY (`id`) REFERENCES `user` (`id`) ON DELETE CASCADE ON UPDATE CASCADE)
Error
    at Query.run (C:\Users\homehome\Desktop\projects\rsppproject\node_modules\sequelize\lib\dialects\mysql\query.js:52:25)
    at C:\Users\homehome\Desktop\projects\rsppproject\node_modules\sequelize\lib\sequelize.js:315:28
    at process.processTicksAndRejections (node:internal/process/task_queues:95:5)
    at async MySQLQueryInterface.insert (C:\Users\homehome\Desktop\projects\rsppproject\node_modules\sequelize\lib\dialects\abstract\query-interface.js:308:21)
    at async model.save (C:\Users\homehome\Desktop\projects\rsppproject\node_modules\sequelize\lib\model.js:2490:35)
    at async login.create (C:\Users\homehome\Desktop\projects\rsppproject\node_modules\sequelize\lib\model.js:1362:12)
2023-09-15 14:18:39 [RSPPProject] error: uncaughtException: Cannot add or update a child row: a foreign key constraint fails (`rspp`.`login`, CONSTRAINT `login_ibfk_1` FOREIGN KEY (`id`) REFERENCES `user` (`id`) ON DELETE CASCADE ON UPDATE CASCADE)
Error
    at Query.run (C:\Users\homehome\Desktop\projects\rsppproject\node_modules\sequelize\lib\dialects\mysql\query.js:52:25)
    at C:\Users\homehome\Desktop\projects\rsppproject\node_modules\sequelize\lib\sequelize.js:315:28
    at process.processTicksAndRejections (node:internal/process/task_queues:95:5)
    at async MySQLQueryInterface.insert (C:\Users\homehome\Desktop\projects\rsppproject\node_modules\sequelize\lib\dialects\abstract\query-interface.js:308:21)
    at async model.save (C:\Users\homehome\Desktop\projects\rsppproject\node_modules\sequelize\lib\model.js:2490:35)
    at async login.create (C:\Users\homehome\Desktop\projects\rsppproject\node_modules\sequelize\lib\model.js:1362:12)
2023-09-15 14:18:39 [RSPPProject] error: uncaughtException: Cannot add or update a child row: a foreign key constraint fails (`rspp`.`login`, CONSTRAINT `login_ibfk_1` FOREIGN KEY (`id`) REFERENCES `user` (`id`) ON DELETE CASCADE ON UPDATE CASCADE)
Error
    at Query.run (C:\Users\homehome\Desktop\projects\rsppproject\node_modules\sequelize\lib\dialects\mysql\query.js:52:25)
    at C:\Users\homehome\Desktop\projects\rsppproject\node_modules\sequelize\lib\sequelize.js:315:28
    at process.processTicksAndRejections (node:internal/process/task_queues:95:5)
    at async MySQLQueryInterface.insert (C:\Users\homehome\Desktop\projects\rsppproject\node_modules\sequelize\lib\dialects\abstract\query-interface.js:308:21)
    at async model.save (C:\Users\homehome\Desktop\projects\rsppproject\node_modules\sequelize\lib\model.js:2490:35)
    at async login.create (C:\Users\homehome\Desktop\projects\rsppproject\node_modules\sequelize\lib\model.js:1362:12)
2023-09-15 14:18:39 [RSPPProject] error: uncaughtException: Cannot add or update a child row: a foreign key constraint fails (`rspp`.`login`, CONSTRAINT `login_ibfk_1` FOREIGN KEY (`id`) REFERENCES `user` (`id`) ON DELETE CASCADE ON UPDATE CASCADE)
Error
    at Query.run (C:\Users\homehome\Desktop\projects\rsppproject\node_modules\sequelize\lib\dialects\mysql\query.js:52:25)
    at C:\Users\homehome\Desktop\projects\rsppproject\node_modules\sequelize\lib\sequelize.js:315:28
    at process.processTicksAndRejections (node:internal/process/task_queues:95:5)
    at async MySQLQueryInterface.insert (C:\Users\homehome\Desktop\projects\rsppproject\node_modules\sequelize\lib\dialects\abstract\query-interface.js:308:21)
    at async model.save (C:\Users\homehome\Desktop\projects\rsppproject\node_modules\sequelize\lib\model.js:2490:35)
    at async login.create (C:\Users\homehome\Desktop\projects\rsppproject\node_modules\sequelize\lib\model.js:1362:12)
2023-09-15 14:20:39 [RSPPProject] error: uncaughtException: Cannot add or update a child row: a foreign key constraint fails (`rspp`.`login`, CONSTRAINT `login_ibfk_1` FOREIGN KEY (`id`) REFERENCES `user` (`id`) ON DELETE CASCADE ON UPDATE CASCADE)
Error
    at Query.run (C:\Users\homehome\Desktop\projects\rsppproject\node_modules\sequelize\lib\dialects\mysql\query.js:52:25)
    at C:\Users\homehome\Desktop\projects\rsppproject\node_modules\sequelize\lib\sequelize.js:315:28
    at process.processTicksAndRejections (node:internal/process/task_queues:95:5)
    at async MySQLQueryInterface.insert (C:\Users\homehome\Desktop\projects\rsppproject\node_modules\sequelize\lib\dialects\abstract\query-interface.js:308:21)
    at async model.save (C:\Users\homehome\Desktop\projects\rsppproject\node_modules\sequelize\lib\model.js:2490:35)
    at async login.create (C:\Users\homehome\Desktop\projects\rsppproject\node_modules\sequelize\lib\model.js:1362:12)
2023-09-15 14:20:39 [RSPPProject] error: uncaughtException: Cannot add or update a child row: a foreign key constraint fails (`rspp`.`login`, CONSTRAINT `login_ibfk_1` FOREIGN KEY (`id`) REFERENCES `user` (`id`) ON DELETE CASCADE ON UPDATE CASCADE)
Error
    at Query.run (C:\Users\homehome\Desktop\projects\rsppproject\node_modules\sequelize\lib\dialects\mysql\query.js:52:25)
    at C:\Users\homehome\Desktop\projects\rsppproject\node_modules\sequelize\lib\sequelize.js:315:28
    at process.processTicksAndRejections (node:internal/process/task_queues:95:5)
    at async MySQLQueryInterface.insert (C:\Users\homehome\Desktop\projects\rsppproject\node_modules\sequelize\lib\dialects\abstract\query-interface.js:308:21)
    at async model.save (C:\Users\homehome\Desktop\projects\rsppproject\node_modules\sequelize\lib\model.js:2490:35)
    at async login.create (C:\Users\homehome\Desktop\projects\rsppproject\node_modules\sequelize\lib\model.js:1362:12)
2023-09-15 14:20:39 [RSPPProject] error: uncaughtException: Cannot add or update a child row: a foreign key constraint fails (`rspp`.`login`, CONSTRAINT `login_ibfk_1` FOREIGN KEY (`id`) REFERENCES `user` (`id`) ON DELETE CASCADE ON UPDATE CASCADE)
Error
    at Query.run (C:\Users\homehome\Desktop\projects\rsppproject\node_modules\sequelize\lib\dialects\mysql\query.js:52:25)
    at C:\Users\homehome\Desktop\projects\rsppproject\node_modules\sequelize\lib\sequelize.js:315:28
    at process.processTicksAndRejections (node:internal/process/task_queues:95:5)
    at async MySQLQueryInterface.insert (C:\Users\homehome\Desktop\projects\rsppproject\node_modules\sequelize\lib\dialects\abstract\query-interface.js:308:21)
    at async model.save (C:\Users\homehome\Desktop\projects\rsppproject\node_modules\sequelize\lib\model.js:2490:35)
    at async login.create (C:\Users\homehome\Desktop\projects\rsppproject\node_modules\sequelize\lib\model.js:1362:12)
2023-09-15 14:22:06 [RSPPProject] error: uncaughtException: Cannot add or update a child row: a foreign key constraint fails (`rspp`.`login`, CONSTRAINT `login_ibfk_1` FOREIGN KEY (`id`) REFERENCES `user` (`id`) ON DELETE CASCADE ON UPDATE CASCADE)
Error
    at Query.run (C:\Users\homehome\Desktop\projects\rsppproject\node_modules\sequelize\lib\dialects\mysql\query.js:52:25)
    at C:\Users\homehome\Desktop\projects\rsppproject\node_modules\sequelize\lib\sequelize.js:315:28
    at process.processTicksAndRejections (node:internal/process/task_queues:95:5)
    at async MySQLQueryInterface.insert (C:\Users\homehome\Desktop\projects\rsppproject\node_modules\sequelize\lib\dialects\abstract\query-interface.js:308:21)
    at async model.save (C:\Users\homehome\Desktop\projects\rsppproject\node_modules\sequelize\lib\model.js:2490:35)
    at async login.create (C:\Users\homehome\Desktop\projects\rsppproject\node_modules\sequelize\lib\model.js:1362:12)
2023-09-15 14:22:06 [RSPPProject] error: uncaughtException: Cannot add or update a child row: a foreign key constraint fails (`rspp`.`login`, CONSTRAINT `login_ibfk_1` FOREIGN KEY (`id`) REFERENCES `user` (`id`) ON DELETE CASCADE ON UPDATE CASCADE)
Error
    at Query.run (C:\Users\homehome\Desktop\projects\rsppproject\node_modules\sequelize\lib\dialects\mysql\query.js:52:25)
    at C:\Users\homehome\Desktop\projects\rsppproject\node_modules\sequelize\lib\sequelize.js:315:28
    at process.processTicksAndRejections (node:internal/process/task_queues:95:5)
    at async MySQLQueryInterface.insert (C:\Users\homehome\Desktop\projects\rsppproject\node_modules\sequelize\lib\dialects\abstract\query-interface.js:308:21)
    at async model.save (C:\Users\homehome\Desktop\projects\rsppproject\node_modules\sequelize\lib\model.js:2490:35)
    at async login.create (C:\Users\homehome\Desktop\projects\rsppproject\node_modules\sequelize\lib\model.js:1362:12)
2023-09-15 14:22:06 [RSPPProject] error: uncaughtException: Cannot add or update a child row: a foreign key constraint fails (`rspp`.`login`, CONSTRAINT `login_ibfk_1` FOREIGN KEY (`id`) REFERENCES `user` (`id`) ON DELETE CASCADE ON UPDATE CASCADE)
Error
    at Query.run (C:\Users\homehome\Desktop\projects\rsppproject\node_modules\sequelize\lib\dialects\mysql\query.js:52:25)
    at C:\Users\homehome\Desktop\projects\rsppproject\node_modules\sequelize\lib\sequelize.js:315:28
    at process.processTicksAndRejections (node:internal/process/task_queues:95:5)
    at async MySQLQueryInterface.insert (C:\Users\homehome\Desktop\projects\rsppproject\node_modules\sequelize\lib\dialects\abstract\query-interface.js:308:21)
    at async model.save (C:\Users\homehome\Desktop\projects\rsppproject\node_modules\sequelize\lib\model.js:2490:35)
    at async login.create (C:\Users\homehome\Desktop\projects\rsppproject\node_modules\sequelize\lib\model.js:1362:12)
2023-09-15 14:23:20 [RSPPProject] error: uncaughtException: Cannot add or update a child row: a foreign key constraint fails (`rspp`.`login`, CONSTRAINT `login_ibfk_1` FOREIGN KEY (`id`) REFERENCES `user` (`id`))
Error
    at Query.run (C:\Users\homehome\Desktop\projects\rsppproject\node_modules\sequelize\lib\dialects\mysql\query.js:52:25)
    at C:\Users\homehome\Desktop\projects\rsppproject\node_modules\sequelize\lib\sequelize.js:315:28
    at process.processTicksAndRejections (node:internal/process/task_queues:95:5)
    at async MySQLQueryInterface.insert (C:\Users\homehome\Desktop\projects\rsppproject\node_modules\sequelize\lib\dialects\abstract\query-interface.js:308:21)
    at async model.save (C:\Users\homehome\Desktop\projects\rsppproject\node_modules\sequelize\lib\model.js:2490:35)
    at async login.create (C:\Users\homehome\Desktop\projects\rsppproject\node_modules\sequelize\lib\model.js:1362:12)
2023-09-15 14:23:20 [RSPPProject] error: uncaughtException: Cannot add or update a child row: a foreign key constraint fails (`rspp`.`login`, CONSTRAINT `login_ibfk_1` FOREIGN KEY (`id`) REFERENCES `user` (`id`))
Error
    at Query.run (C:\Users\homehome\Desktop\projects\rsppproject\node_modules\sequelize\lib\dialects\mysql\query.js:52:25)
    at C:\Users\homehome\Desktop\projects\rsppproject\node_modules\sequelize\lib\sequelize.js:315:28
    at process.processTicksAndRejections (node:internal/process/task_queues:95:5)
    at async MySQLQueryInterface.insert (C:\Users\homehome\Desktop\projects\rsppproject\node_modules\sequelize\lib\dialects\abstract\query-interface.js:308:21)
    at async model.save (C:\Users\homehome\Desktop\projects\rsppproject\node_modules\sequelize\lib\model.js:2490:35)
    at async login.create (C:\Users\homehome\Desktop\projects\rsppproject\node_modules\sequelize\lib\model.js:1362:12)
2023-09-15 14:23:20 [RSPPProject] error: uncaughtException: Cannot add or update a child row: a foreign key constraint fails (`rspp`.`login`, CONSTRAINT `login_ibfk_1` FOREIGN KEY (`id`) REFERENCES `user` (`id`))
Error
    at Query.run (C:\Users\homehome\Desktop\projects\rsppproject\node_modules\sequelize\lib\dialects\mysql\query.js:52:25)
    at C:\Users\homehome\Desktop\projects\rsppproject\node_modules\sequelize\lib\sequelize.js:315:28
    at process.processTicksAndRejections (node:internal/process/task_queues:95:5)
    at async MySQLQueryInterface.insert (C:\Users\homehome\Desktop\projects\rsppproject\node_modules\sequelize\lib\dialects\abstract\query-interface.js:308:21)
    at async model.save (C:\Users\homehome\Desktop\projects\rsppproject\node_modules\sequelize\lib\model.js:2490:35)
    at async login.create (C:\Users\homehome\Desktop\projects\rsppproject\node_modules\sequelize\lib\model.js:1362:12)
