2023-12-04 00:25:08 [RSPPProject] info: 모듈 로딩 완료. 초기화 개시.
2023-12-04 00:25:09 [RSPPProject] info: 초기화되었습니다.
2023-12-04 00:25:09 [RSPPProject] info: 시작되었습니다!
2023-12-04 00:25:07 [RSPPProject] info: 세션 저장소 준비 ✔
2023-12-04 00:25:08 [RSPPProject] info: 세션 매니저 준비 ✔
2023-12-04 00:25:08 [RSPPProject] info: 직책 매니저 준비 ✔
2023-12-04 00:25:20 [RSPPProject] info: Logged in. (yojokem)
2023-12-04 00:30:46 [RSPPProject] info: 모듈 로딩 완료. 초기화 개시.
2023-12-04 00:30:47 [RSPPProject] info: 초기화되었습니다.
2023-12-04 00:30:47 [RSPPProject] info: 시작되었습니다!
2023-12-04 00:30:45 [RSPPProject] info: 세션 저장소 준비 ✔
2023-12-04 00:30:46 [RSPPProject] info: 세션 매니저 준비 ✔
2023-12-04 00:30:46 [RSPPProject] info: 직책 매니저 준비 ✔
2023-12-04 00:33:45 [RSPPProject] info: Logged in. (yojokem)
2023-12-04 00:34:09 [RSPPProject] info: Logged in. (yojokem)
2023-12-04 00:44:56 [RSPPProject] info: Logged in. (yojokem)
2023-12-04 01:01:57 [RSPPProject] info: 모듈 로딩 완료. 초기화 개시.
2023-12-04 01:01:58 [RSPPProject] info: 초기화되었습니다.
2023-12-04 01:01:58 [RSPPProject] info: 시작되었습니다!
2023-12-04 01:01:56 [RSPPProject] info: 세션 저장소 준비 ✔
2023-12-04 01:01:57 [RSPPProject] info: 세션 매니저 준비 ✔
2023-12-04 01:01:57 [RSPPProject] info: 직책 매니저 준비 ✔
2023-12-04 01:05:29 [RSPPProject] info: 모듈 로딩 완료. 초기화 개시.
2023-12-04 01:05:28 [RSPPProject] info: 세션 저장소 준비 ✔
2023-12-04 01:05:29 [RSPPProject] info: 세션 매니저 준비 ✔
2023-12-04 01:05:29 [RSPPProject] info: 직책 매니저 준비 ✔
