2023-09-14 18:14:46 [RSPPProject] info: module loaded and started initialization.
2023-09-14 18:14:47 [RSPPProject] info: initialized.
2023-09-14 18:14:47 [RSPPProject] info: Started!
2023-09-14 18:14:45 [RSPPProject] info: Session Store ready ✔
2023-09-14 18:14:46 [RSPPProject] info: Session Manager ready ✔
2023-09-14 18:22:41 [RSPPProject] info: module loaded and started initialization.
2023-09-14 18:22:42 [RSPPProject] info: initialized.
2023-09-14 18:22:42 [RSPPProject] info: Started!
2023-09-14 18:22:40 [RSPPProject] info: Session Store ready ✔
2023-09-14 18:22:41 [RSPPProject] info: Session Manager ready ✔
2023-09-14 18:45:36 [RSPPProject] info: module loaded and started initialization.
2023-09-14 18:45:37 [RSPPProject] info: initialized.
2023-09-14 18:45:37 [RSPPProject] info: Started!
2023-09-14 18:45:36 [RSPPProject] info: Session Store ready ✔
2023-09-14 18:45:36 [RSPPProject] info: Session Manager ready ✔
2023-09-14 18:45:43 [RSPPProject] info: False Login has occurred. [::ffff:127.0.0.1]
2023-09-14 18:46:25 [RSPPProject] info: module loaded and started initialization.
2023-09-14 18:46:25 [RSPPProject] info: initialized.
2023-09-14 18:46:25 [RSPPProject] info: Started!
2023-09-14 18:46:24 [RSPPProject] info: Session Store ready ✔
2023-09-14 18:46:25 [RSPPProject] info: Session Manager ready ✔
2023-09-14 18:46:30 [RSPPProject] info: module loaded and started initialization.
2023-09-14 18:46:30 [RSPPProject] info: initialized.
2023-09-14 18:46:30 [RSPPProject] info: Started!
2023-09-14 18:46:29 [RSPPProject] info: Session Store ready ✔
2023-09-14 18:46:30 [RSPPProject] info: Session Manager ready ✔
2023-09-14 18:46:32 [RSPPProject] info: False Login has occurred. [::ffff:127.0.0.1]
2023-09-14 18:48:03 [RSPPProject] info: module loaded and started initialization.
2023-09-14 18:48:03 [RSPPProject] info: initialized.
2023-09-14 18:48:03 [RSPPProject] info: Started!
2023-09-14 18:48:02 [RSPPProject] info: Session Store ready ✔
2023-09-14 18:48:03 [RSPPProject] info: Session Manager ready ✔
2023-09-14 18:48:04 [RSPPProject] info: False Login has occurred. [::ffff:127.0.0.1]
2023-09-14 18:48:07 [RSPPProject] info: False Login has occurred. [::ffff:127.0.0.1]
2023-09-14 18:48:38 [RSPPProject] info: module loaded and started initialization.
2023-09-14 18:48:39 [RSPPProject] info: initialized.
2023-09-14 18:48:39 [RSPPProject] info: Started!
2023-09-14 18:48:37 [RSPPProject] info: Session Store ready ✔
2023-09-14 18:48:38 [RSPPProject] info: Session Manager ready ✔
2023-09-14 18:48:51 [RSPPProject] info: module loaded and started initialization.
2023-09-14 18:48:51 [RSPPProject] info: initialized.
2023-09-14 18:48:51 [RSPPProject] info: Started!
2023-09-14 18:48:50 [RSPPProject] info: Session Store ready ✔
2023-09-14 18:48:51 [RSPPProject] info: Session Manager ready ✔
2023-09-14 18:48:55 [RSPPProject] info: False Login has occurred. [::ffff:127.0.0.1]
2023-09-14 18:49:03 [RSPPProject] info: False Login has occurred. [::ffff:127.0.0.1]
2023-09-14 18:49:57 [RSPPProject] info: False Login has occurred. [::ffff:127.0.0.1]
2023-09-14 18:50:39 [RSPPProject] info: module loaded and started initialization.
2023-09-14 18:50:39 [RSPPProject] info: initialized.
2023-09-14 18:50:39 [RSPPProject] info: Started!
2023-09-14 18:50:38 [RSPPProject] info: Session Store ready ✔
2023-09-14 18:50:39 [RSPPProject] info: Session Manager ready ✔
2023-09-14 18:50:50 [RSPPProject] info: False Login has occurred. [::ffff:127.0.0.1]
2023-09-14 23:13:28 [RSPPProject] info: module loaded and started initialization.
2023-09-14 23:13:28 [RSPPProject] info: initialized.
2023-09-14 23:13:28 [RSPPProject] info: Started!
2023-09-14 23:13:27 [RSPPProject] info: Session Store ready ✔
2023-09-14 23:13:28 [RSPPProject] info: Session Manager ready ✔
2023-09-14 23:29:52 [RSPPProject] info: module loaded and started initialization.
2023-09-14 23:29:52 [RSPPProject] info: initialized.
2023-09-14 23:29:52 [RSPPProject] info: Started!
2023-09-14 23:29:51 [RSPPProject] info: Session Store ready ✔
2023-09-14 23:29:52 [RSPPProject] info: Session Manager ready ✔
2023-09-14 23:31:41 [RSPPProject] info: Registered: (yojokem (0))
2023-09-14 23:32:10 [RSPPProject] info: Logged in. (yojokem)
