2023-12-03 11:28:46 [RSPPProject] info: 모듈 로딩 완료. 초기화 개시.
2023-12-03 11:28:47 [RSPPProject] info: 초기화되었습니다.
2023-12-03 11:28:47 [RSPPProject] info: 시작되었습니다!
2023-12-03 11:28:45 [RSPPProject] info: 세션 저장소 준비 ✔
2023-12-03 11:28:46 [RSPPProject] info: 세션 매니저 준비 ✔
2023-12-03 11:28:46 [RSPPProject] info: 직책 매니저 준비 ✔
2023-12-03 11:29:06 [RSPPProject] info: Logged in. (yojokem)
2023-12-03 11:29:11 [RSPPProject] info: False Login has occurred. [::1]
2023-12-03 11:30:23 [RSPPProject] info: 모듈 로딩 완료. 초기화 개시.
2023-12-03 11:30:23 [RSPPProject] info: 초기화되었습니다.
2023-12-03 11:30:23 [RSPPProject] info: 시작되었습니다!
2023-12-03 11:30:22 [RSPPProject] info: 세션 저장소 준비 ✔
2023-12-03 11:30:23 [RSPPProject] info: 세션 매니저 준비 ✔
2023-12-03 11:30:23 [RSPPProject] info: 직책 매니저 준비 ✔
2023-12-03 11:30:30 [RSPPProject] info: Logged in. (yojokem)
2023-12-03 11:32:09 [RSPPProject] info: 모듈 로딩 완료. 초기화 개시.
2023-12-03 11:32:10 [RSPPProject] info: 초기화되었습니다.
2023-12-03 11:32:10 [RSPPProject] info: 시작되었습니다!
2023-12-03 11:32:08 [RSPPProject] info: 세션 저장소 준비 ✔
2023-12-03 11:32:09 [RSPPProject] info: 세션 매니저 준비 ✔
2023-12-03 11:32:09 [RSPPProject] info: 직책 매니저 준비 ✔
