2023-09-13 17:50:27 [RSPPProject] info: module loaded and started initialization.
2023-09-13 17:50:28 [RSPPProject] info: initialized.
2023-09-13 17:50:28 [RSPPProject] info: Started!
2023-09-13 17:50:26 [RSPPProject] info: Session Store ready ✔
2023-09-13 17:50:27 [RSPPProject] info: Session Manager ready ✔
2023-09-13 17:51:32 [RSPPProject] info: module loaded and started initialization.
2023-09-13 17:51:33 [RSPPProject] info: initialized.
2023-09-13 17:51:33 [RSPPProject] info: Started!
2023-09-13 17:51:31 [RSPPProject] info: Session Store ready ✔
2023-09-13 17:51:32 [RSPPProject] info: Session Manager ready ✔
2023-09-13 17:51:57 [RSPPProject] info: module loaded and started initialization.
2023-09-13 17:51:58 [RSPPProject] info: initialized.
2023-09-13 17:51:58 [RSPPProject] info: Started!
2023-09-13 17:51:57 [RSPPProject] info: Session Store ready ✔
2023-09-13 17:51:57 [RSPPProject] info: Session Manager ready ✔
2023-09-13 17:52:23 [RSPPProject] info: module loaded and started initialization.
2023-09-13 17:52:23 [RSPPProject] info: initialized.
2023-09-13 17:52:23 [RSPPProject] info: Started!
2023-09-13 17:52:22 [RSPPProject] info: Session Store ready ✔
2023-09-13 17:52:23 [RSPPProject] info: Session Manager ready ✔
2023-09-13 17:52:35 [RSPPProject] info: False Login has occurred. [::1]
2023-09-13 18:10:38 [RSPPProject] info: False Login has occurred. [::1]
