2023-09-16 10:48:36 [RSPPProject] info: module loaded and started initialization.
2023-09-16 10:48:36 [RSPPProject] info: initialized.
2023-09-16 10:48:36 [RSPPProject] info: Started!
2023-09-16 10:48:35 [RSPPProject] info: Session Store ready ✔
2023-09-16 10:48:36 [RSPPProject] info: Session Manager ready ✔
2023-09-16 10:48:49 [RSPPProject] info: Logged in. (yojokem)
2023-09-16 10:49:55 [RSPPProject] info: Logged in. (yojokem)
2023-09-16 11:17:52 [RSPPProject] info: module loaded and started initialization.
2023-09-16 11:17:53 [RSPPProject] info: module loaded and started initialization.
2023-09-16 11:17:53 [RSPPProject] info: Started!
2023-09-16 11:17:52 [RSPPProject] info: Session Store ready ✔
2023-09-16 11:17:52 [RSPPProject] info: Session Store ready ✔
2023-09-16 11:18:11 [RSPPProject] info: module loaded and started initialization.
2023-09-16 11:18:12 [RSPPProject] info: module loaded and started initialization.
2023-09-16 11:18:12 [RSPPProject] info: Started!
2023-09-16 11:18:10 [RSPPProject] info: Session Store ready ✔
2023-09-16 11:18:11 [RSPPProject] info: Session Store ready ✔
2023-09-16 11:19:43 [RSPPProject] info: [ANY MESSAGE HAS BEEN FOUND (LANGUAGE en)]
2023-09-16 11:19:43 [RSPPProject] info: [ANY MESSAGE HAS BEEN FOUND (LANGUAGE en)]
2023-09-16 11:19:43 [RSPPProject] info: [ANY MESSAGE HAS BEEN FOUND (LANGUAGE en)]
2023-09-16 11:19:42 [RSPPProject] info: Session Store ready ✔
2023-09-16 11:19:43 [RSPPProject] info: [ANY MESSAGE HAS BEEN FOUND (LANGUAGE en)]
2023-09-16 11:20:34 [RSPPProject] info: [ANY MESSAGE HAS BEEN FOUND (LANGUAGE en)]
2023-09-16 11:20:34 [RSPPProject] info: [ANY MESSAGE HAS BEEN FOUND (LANGUAGE en)]
2023-09-16 11:20:34 [RSPPProject] info: [ANY MESSAGE HAS BEEN FOUND (LANGUAGE en)]
2023-09-16 11:20:33 [RSPPProject] info: Session Store ready ✔
2023-09-16 11:20:34 [RSPPProject] info: [ANY MESSAGE HAS BEEN FOUND (LANGUAGE en)]
2023-09-16 11:21:00 [RSPPProject] info: [ANY MESSAGE HAS BEEN FOUND (LANGUAGE en)]
2023-09-16 11:21:01 [RSPPProject] info: [ANY MESSAGE HAS BEEN FOUND (LANGUAGE en)]
2023-09-16 11:21:01 [RSPPProject] info: [ANY MESSAGE HAS BEEN FOUND (LANGUAGE en)]
2023-09-16 11:20:59 [RSPPProject] info: Session Store ready ✔
2023-09-16 11:21:00 [RSPPProject] info: [ANY MESSAGE HAS BEEN FOUND (LANGUAGE en)]
2023-09-16 11:21:20 [RSPPProject] info: [ANY MESSAGE HAS BEEN FOUND (LANGUAGE en)]
2023-09-16 11:21:21 [RSPPProject] info: [ANY MESSAGE HAS BEEN FOUND (LANGUAGE en)]
2023-09-16 11:21:21 [RSPPProject] info: [ANY MESSAGE HAS BEEN FOUND (LANGUAGE en)]
2023-09-16 11:21:20 [RSPPProject] info: Session Store ready ✔
2023-09-16 11:21:20 [RSPPProject] info: [ANY MESSAGE HAS BEEN FOUND (LANGUAGE en)]
2023-09-16 11:21:42 [RSPPProject] info: [ANY MESSAGE HAS BEEN FOUND (LANGUAGE en)]
2023-09-16 11:21:42 [RSPPProject] info: [ANY MESSAGE HAS BEEN FOUND (LANGUAGE en)]
2023-09-16 11:21:42 [RSPPProject] info: [ANY MESSAGE HAS BEEN FOUND (LANGUAGE en)]
2023-09-16 11:21:41 [RSPPProject] info: Session Store ready ✔
2023-09-16 11:21:42 [RSPPProject] info: [ANY MESSAGE HAS BEEN FOUND (LANGUAGE en)]
2023-09-16 11:21:59 [RSPPProject] info: module loaded and started initialization.
2023-09-16 11:21:59 [RSPPProject] info: module loaded and started initialization.
2023-09-16 11:21:59 [RSPPProject] info: Started!
2023-09-16 11:21:58 [RSPPProject] info: Session Store ready ✔
2023-09-16 11:21:59 [RSPPProject] info: Session Store ready ✔
2023-09-16 11:23:15 [RSPPProject] info: module loaded and started initialization.
2023-09-16 11:23:16 [RSPPProject] info: initialized.
2023-09-16 11:23:16 [RSPPProject] info: Started!
2023-09-16 11:23:15 [RSPPProject] info: Session Store ready ✔
2023-09-16 11:23:15 [RSPPProject] info: Session Store ready ✔
2023-09-16 11:24:35 [RSPPProject] info: module loaded and started initialization.
2023-09-16 11:24:36 [RSPPProject] info: initialized.
2023-09-16 11:24:36 [RSPPProject] info: Started!
2023-09-16 11:24:34 [RSPPProject] info: Session Store ready ✔
2023-09-16 11:24:35 [RSPPProject] info: Session Manager ready ✔
2023-09-16 11:40:47 [RSPPProject] info: module loaded and started initialization.
2023-09-16 11:40:47 [RSPPProject] info: initialized.
2023-09-16 11:40:47 [RSPPProject] info: Started!
2023-09-16 11:40:46 [RSPPProject] info: Session Store ready ✔
2023-09-16 11:40:47 [RSPPProject] info: Session Manager ready ✔
2023-09-16 11:42:00 [RSPPProject] info: module loaded and started initialization.
2023-09-16 11:42:00 [RSPPProject] info: initialized.
2023-09-16 11:42:00 [RSPPProject] info: Started!
2023-09-16 11:41:59 [RSPPProject] info: Session Store ready ✔
2023-09-16 11:42:00 [RSPPProject] info: Session Manager ready ✔
2023-09-16 11:42:52 [RSPPProject] info: module loaded and started initialization.
2023-09-16 11:42:53 [RSPPProject] info: initialized.
2023-09-16 11:42:53 [RSPPProject] info: Started!
2023-09-16 11:42:52 [RSPPProject] info: Session Store ready ✔
2023-09-16 11:42:52 [RSPPProject] info: Session Manager ready ✔
2023-09-16 11:45:12 [RSPPProject] info: module loaded and started initialization.
2023-09-16 11:45:13 [RSPPProject] info: initialized.
2023-09-16 11:45:13 [RSPPProject] info: Started!
2023-09-16 11:45:12 [RSPPProject] info: Session Store ready ✔
2023-09-16 11:45:12 [RSPPProject] info: Session Manager ready ✔
2023-09-16 11:45:44 [RSPPProject] info: Registered: (test (2))
2023-09-16 11:45:51 [RSPPProject] info: Logged in. (test)
2023-09-16 11:45:54 [RSPPProject] info: Logged in. (test)
