2023-09-16 11:17:19 [RSPPProject] error: uncaughtException: lang is not defined
ReferenceError: lang is not defined
    at Object.<anonymous> (C:\Users\homehome\Desktop\projects\rsppproject\language\index.js:15:1)
    at Module._compile (node:internal/modules/cjs/loader:1254:14)
    at Module._extensions..js (node:internal/modules/cjs/loader:1308:10)
    at Module.load (node:internal/modules/cjs/loader:1117:32)
    at Module._load (node:internal/modules/cjs/loader:958:12)
    at Module.require (node:internal/modules/cjs/loader:1141:19)
    at require (node:internal/modules/cjs/helpers:110:18)
    at Object.<anonymous> (C:\Users\homehome\Desktop\projects\rsppproject\config\config.js:125:11)
    at Module._compile (node:internal/modules/cjs/loader:1254:14)
    at Module._extensions..js (node:internal/modules/cjs/loader:1308:10)
2023-09-16 11:17:19 [RSPPProject] error: uncaughtException: lang is not defined
ReferenceError: lang is not defined
    at Object.<anonymous> (C:\Users\homehome\Desktop\projects\rsppproject\language\index.js:15:1)
    at Module._compile (node:internal/modules/cjs/loader:1254:14)
    at Module._extensions..js (node:internal/modules/cjs/loader:1308:10)
    at Module.load (node:internal/modules/cjs/loader:1117:32)
    at Module._load (node:internal/modules/cjs/loader:958:12)
    at Module.require (node:internal/modules/cjs/loader:1141:19)
    at require (node:internal/modules/cjs/helpers:110:18)
    at Object.<anonymous> (C:\Users\homehome\Desktop\projects\rsppproject\config\config.js:125:11)
    at Module._compile (node:internal/modules/cjs/loader:1254:14)
    at Module._extensions..js (node:internal/modules/cjs/loader:1308:10)
2023-09-16 11:41:00 [RSPPProject] error: uncaughtException: Data too long for column 'name' at row 1
Error
    at Query.run (C:\Users\homehome\Desktop\projects\rsppproject\node_modules\sequelize\lib\dialects\mysql\query.js:52:25)
    at C:\Users\homehome\Desktop\projects\rsppproject\node_modules\sequelize\lib\sequelize.js:315:28
    at process.processTicksAndRejections (node:internal/process/task_queues:95:5)
    at async MySQLQueryInterface.insert (C:\Users\homehome\Desktop\projects\rsppproject\node_modules\sequelize\lib\dialects\abstract\query-interface.js:308:21)
    at async model.save (C:\Users\homehome\Desktop\projects\rsppproject\node_modules\sequelize\lib\model.js:2490:35)
    at async user.create (C:\Users\homehome\Desktop\projects\rsppproject\node_modules\sequelize\lib\model.js:1362:12)
    at async userCheck (C:\Users\homehome\Desktop\projects\rsppproject\sessionManager.js:175:33)
2023-09-16 11:41:00 [RSPPProject] error: uncaughtException: Data too long for column 'name' at row 1
Error
    at Query.run (C:\Users\homehome\Desktop\projects\rsppproject\node_modules\sequelize\lib\dialects\mysql\query.js:52:25)
    at C:\Users\homehome\Desktop\projects\rsppproject\node_modules\sequelize\lib\sequelize.js:315:28
    at process.processTicksAndRejections (node:internal/process/task_queues:95:5)
    at async MySQLQueryInterface.insert (C:\Users\homehome\Desktop\projects\rsppproject\node_modules\sequelize\lib\dialects\abstract\query-interface.js:308:21)
    at async model.save (C:\Users\homehome\Desktop\projects\rsppproject\node_modules\sequelize\lib\model.js:2490:35)
    at async user.create (C:\Users\homehome\Desktop\projects\rsppproject\node_modules\sequelize\lib\model.js:1362:12)
    at async userCheck (C:\Users\homehome\Desktop\projects\rsppproject\sessionManager.js:175:33)
2023-09-16 11:41:00 [RSPPProject] error: uncaughtException: Data too long for column 'name' at row 1
Error
    at Query.run (C:\Users\homehome\Desktop\projects\rsppproject\node_modules\sequelize\lib\dialects\mysql\query.js:52:25)
    at C:\Users\homehome\Desktop\projects\rsppproject\node_modules\sequelize\lib\sequelize.js:315:28
    at process.processTicksAndRejections (node:internal/process/task_queues:95:5)
    at async MySQLQueryInterface.insert (C:\Users\homehome\Desktop\projects\rsppproject\node_modules\sequelize\lib\dialects\abstract\query-interface.js:308:21)
    at async model.save (C:\Users\homehome\Desktop\projects\rsppproject\node_modules\sequelize\lib\model.js:2490:35)
    at async user.create (C:\Users\homehome\Desktop\projects\rsppproject\node_modules\sequelize\lib\model.js:1362:12)
    at async userCheck (C:\Users\homehome\Desktop\projects\rsppproject\sessionManager.js:175:33)
2023-09-16 11:41:00 [RSPPProject] error: uncaughtException: Data too long for column 'name' at row 1
Error
    at Query.run (C:\Users\homehome\Desktop\projects\rsppproject\node_modules\sequelize\lib\dialects\mysql\query.js:52:25)
    at C:\Users\homehome\Desktop\projects\rsppproject\node_modules\sequelize\lib\sequelize.js:315:28
    at process.processTicksAndRejections (node:internal/process/task_queues:95:5)
    at async MySQLQueryInterface.insert (C:\Users\homehome\Desktop\projects\rsppproject\node_modules\sequelize\lib\dialects\abstract\query-interface.js:308:21)
    at async model.save (C:\Users\homehome\Desktop\projects\rsppproject\node_modules\sequelize\lib\model.js:2490:35)
    at async user.create (C:\Users\homehome\Desktop\projects\rsppproject\node_modules\sequelize\lib\model.js:1362:12)
    at async userCheck (C:\Users\homehome\Desktop\projects\rsppproject\sessionManager.js:175:33)
2023-09-16 14:55:14 [RSPPProject] error: uncaughtException: Identifier 'lang' has already been declared
C:\Users\homehome\Desktop\projects\rsppproject\language\select.js:8
    let lang = def, pk = false;
        ^

SyntaxError: Identifier 'lang' has already been declared
    at internalCompileFunction (node:internal/vm:73:18)
    at wrapSafe (node:internal/modules/cjs/loader:1176:20)
    at Module._compile (node:internal/modules/cjs/loader:1218:27)
    at Module._extensions..js (node:internal/modules/cjs/loader:1308:10)
    at Module.load (node:internal/modules/cjs/loader:1117:32)
    at Module._load (node:internal/modules/cjs/loader:958:12)
    at Module.require (node:internal/modules/cjs/loader:1141:19)
    at require (node:internal/modules/cjs/helpers:110:18)
    at Object.<anonymous> (C:\Users\homehome\Desktop\projects\rsppproject\language\index.js:6:18)
    at Module._compile (node:internal/modules/cjs/loader:1254:14)
2023-09-16 14:55:14 [RSPPProject] error: uncaughtException: Identifier 'lang' has already been declared
C:\Users\homehome\Desktop\projects\rsppproject\language\select.js:8
    let lang = def, pk = false;
        ^

SyntaxError: Identifier 'lang' has already been declared
    at internalCompileFunction (node:internal/vm:73:18)
    at wrapSafe (node:internal/modules/cjs/loader:1176:20)
    at Module._compile (node:internal/modules/cjs/loader:1218:27)
    at Module._extensions..js (node:internal/modules/cjs/loader:1308:10)
    at Module.load (node:internal/modules/cjs/loader:1117:32)
    at Module._load (node:internal/modules/cjs/loader:958:12)
    at Module.require (node:internal/modules/cjs/loader:1141:19)
    at require (node:internal/modules/cjs/helpers:110:18)
    at Object.<anonymous> (C:\Users\homehome\Desktop\projects\rsppproject\language\index.js:6:18)
    at Module._compile (node:internal/modules/cjs/loader:1254:14)
2023-09-16 15:06:47 [RSPPProject] error: uncaughtException: id is not defined
ReferenceError: id is not defined
    at initModels (C:\Users\homehome\Desktop\projects\rsppproject\models\init-models.js:25:54)
    at Object.<anonymous> (C:\Users\homehome\Desktop\projects\rsppproject\sequelManager.js:20:13)
    at Module._compile (node:internal/modules/cjs/loader:1254:14)
    at Module._extensions..js (node:internal/modules/cjs/loader:1308:10)
    at Module.load (node:internal/modules/cjs/loader:1117:32)
    at Module._load (node:internal/modules/cjs/loader:958:12)
    at Module.require (node:internal/modules/cjs/loader:1141:19)
    at require (node:internal/modules/cjs/helpers:110:18)
    at Object.<anonymous> (C:\Users\homehome\Desktop\projects\rsppproject\index.js:21:16)
    at Module._compile (node:internal/modules/cjs/loader:1254:14)
2023-09-16 15:06:47 [RSPPProject] error: uncaughtException: id is not defined
ReferenceError: id is not defined
    at initModels (C:\Users\homehome\Desktop\projects\rsppproject\models\init-models.js:25:54)
    at Object.<anonymous> (C:\Users\homehome\Desktop\projects\rsppproject\sequelManager.js:20:13)
    at Module._compile (node:internal/modules/cjs/loader:1254:14)
    at Module._extensions..js (node:internal/modules/cjs/loader:1308:10)
    at Module.load (node:internal/modules/cjs/loader:1117:32)
    at Module._load (node:internal/modules/cjs/loader:958:12)
    at Module.require (node:internal/modules/cjs/loader:1141:19)
    at require (node:internal/modules/cjs/helpers:110:18)
    at Object.<anonymous> (C:\Users\homehome\Desktop\projects\rsppproject\index.js:21:16)
    at Module._compile (node:internal/modules/cjs/loader:1254:14)
2023-09-16 15:06:47 [RSPPProject] error: uncaughtException: id is not defined
ReferenceError: id is not defined
    at initModels (C:\Users\homehome\Desktop\projects\rsppproject\models\init-models.js:25:54)
    at Object.<anonymous> (C:\Users\homehome\Desktop\projects\rsppproject\sequelManager.js:20:13)
    at Module._compile (node:internal/modules/cjs/loader:1254:14)
    at Module._extensions..js (node:internal/modules/cjs/loader:1308:10)
    at Module.load (node:internal/modules/cjs/loader:1117:32)
    at Module._load (node:internal/modules/cjs/loader:958:12)
    at Module.require (node:internal/modules/cjs/loader:1141:19)
    at require (node:internal/modules/cjs/helpers:110:18)
    at Object.<anonymous> (C:\Users\homehome\Desktop\projects\rsppproject\index.js:21:16)
    at Module._compile (node:internal/modules/cjs/loader:1254:14)
2023-09-16 15:06:47 [RSPPProject] error: uncaughtException: id is not defined
ReferenceError: id is not defined
    at initModels (C:\Users\homehome\Desktop\projects\rsppproject\models\init-models.js:25:54)
    at Object.<anonymous> (C:\Users\homehome\Desktop\projects\rsppproject\sequelManager.js:20:13)
    at Module._compile (node:internal/modules/cjs/loader:1254:14)
    at Module._extensions..js (node:internal/modules/cjs/loader:1308:10)
    at Module.load (node:internal/modules/cjs/loader:1117:32)
    at Module._load (node:internal/modules/cjs/loader:958:12)
    at Module.require (node:internal/modules/cjs/loader:1141:19)
    at require (node:internal/modules/cjs/helpers:110:18)
    at Object.<anonymous> (C:\Users\homehome\Desktop\projects\rsppproject\index.js:21:16)
    at Module._compile (node:internal/modules/cjs/loader:1254:14)
2023-09-16 15:06:47 [RSPPProject] error: uncaughtException: id is not defined
ReferenceError: id is not defined
    at initModels (C:\Users\homehome\Desktop\projects\rsppproject\models\init-models.js:25:54)
    at Object.<anonymous> (C:\Users\homehome\Desktop\projects\rsppproject\sequelManager.js:20:13)
    at Module._compile (node:internal/modules/cjs/loader:1254:14)
    at Module._extensions..js (node:internal/modules/cjs/loader:1308:10)
    at Module.load (node:internal/modules/cjs/loader:1117:32)
    at Module._load (node:internal/modules/cjs/loader:958:12)
    at Module.require (node:internal/modules/cjs/loader:1141:19)
    at require (node:internal/modules/cjs/helpers:110:18)
    at Object.<anonymous> (C:\Users\homehome\Desktop\projects\rsppproject\index.js:21:16)
    at Module._compile (node:internal/modules/cjs/loader:1254:14)
2023-09-16 22:37:17 [RSPPProject] error: uncaughtException: Unexpected token ')'
C:\Users\homehome\Desktop\projects\rsppproject\sessionManager.js:21
    }));
      ^

SyntaxError: Unexpected token ')'
    at internalCompileFunction (node:internal/vm:73:18)
    at wrapSafe (node:internal/modules/cjs/loader:1176:20)
    at Module._compile (node:internal/modules/cjs/loader:1218:27)
    at Module._extensions..js (node:internal/modules/cjs/loader:1308:10)
    at Module.load (node:internal/modules/cjs/loader:1117:32)
    at Module._load (node:internal/modules/cjs/loader:958:12)
    at Module.require (node:internal/modules/cjs/loader:1141:19)
    at require (node:internal/modules/cjs/helpers:110:18)
    at Object.<anonymous> (C:\Users\homehome\Desktop\projects\rsppproject\index.js:11:25)
    at Module._compile (node:internal/modules/cjs/loader:1254:14)
2023-09-16 22:37:17 [RSPPProject] error: uncaughtException: Unexpected token ')'
C:\Users\homehome\Desktop\projects\rsppproject\sessionManager.js:21
    }));
      ^

SyntaxError: Unexpected token ')'
    at internalCompileFunction (node:internal/vm:73:18)
    at wrapSafe (node:internal/modules/cjs/loader:1176:20)
    at Module._compile (node:internal/modules/cjs/loader:1218:27)
    at Module._extensions..js (node:internal/modules/cjs/loader:1308:10)
    at Module.load (node:internal/modules/cjs/loader:1117:32)
    at Module._load (node:internal/modules/cjs/loader:958:12)
    at Module.require (node:internal/modules/cjs/loader:1141:19)
    at require (node:internal/modules/cjs/helpers:110:18)
    at Object.<anonymous> (C:\Users\homehome\Desktop\projects\rsppproject\index.js:11:25)
    at Module._compile (node:internal/modules/cjs/loader:1254:14)
2023-09-16 22:37:17 [RSPPProject] error: uncaughtException: Unexpected token ')'
C:\Users\homehome\Desktop\projects\rsppproject\sessionManager.js:21
    }));
      ^

SyntaxError: Unexpected token ')'
    at internalCompileFunction (node:internal/vm:73:18)
    at wrapSafe (node:internal/modules/cjs/loader:1176:20)
    at Module._compile (node:internal/modules/cjs/loader:1218:27)
    at Module._extensions..js (node:internal/modules/cjs/loader:1308:10)
    at Module.load (node:internal/modules/cjs/loader:1117:32)
    at Module._load (node:internal/modules/cjs/loader:958:12)
    at Module.require (node:internal/modules/cjs/loader:1141:19)
    at require (node:internal/modules/cjs/helpers:110:18)
    at Object.<anonymous> (C:\Users\homehome\Desktop\projects\rsppproject\index.js:11:25)
    at Module._compile (node:internal/modules/cjs/loader:1254:14)
2023-09-16 22:37:17 [RSPPProject] error: uncaughtException: Unexpected token ')'
C:\Users\homehome\Desktop\projects\rsppproject\sessionManager.js:21
    }));
      ^

SyntaxError: Unexpected token ')'
    at internalCompileFunction (node:internal/vm:73:18)
    at wrapSafe (node:internal/modules/cjs/loader:1176:20)
    at Module._compile (node:internal/modules/cjs/loader:1218:27)
    at Module._extensions..js (node:internal/modules/cjs/loader:1308:10)
    at Module.load (node:internal/modules/cjs/loader:1117:32)
    at Module._load (node:internal/modules/cjs/loader:958:12)
    at Module.require (node:internal/modules/cjs/loader:1141:19)
    at require (node:internal/modules/cjs/helpers:110:18)
    at Object.<anonymous> (C:\Users\homehome\Desktop\projects\rsppproject\index.js:11:25)
    at Module._compile (node:internal/modules/cjs/loader:1254:14)
2023-09-16 22:39:59 [RSPPProject] error: uncaughtException: Cannot read properties of undefined (reading 'username')
TypeError: Cannot read properties of undefined (reading 'username')
    at validate (C:\Users\homehome\Desktop\projects\rsppproject\sessionManager.js:15:27)
    at userSessionCheck (C:\Users\homehome\Desktop\projects\rsppproject\sessionManager.js:75:41)
    at Layer.handle [as handle_request] (C:\Users\homehome\Desktop\projects\rsppproject\node_modules\express\lib\router\layer.js:95:5)
    at trim_prefix (C:\Users\homehome\Desktop\projects\rsppproject\node_modules\express\lib\router\index.js:328:13)
    at C:\Users\homehome\Desktop\projects\rsppproject\node_modules\express\lib\router\index.js:286:9
    at Function.process_params (C:\Users\homehome\Desktop\projects\rsppproject\node_modules\express\lib\router\index.js:346:12)
    at next (C:\Users\homehome\Desktop\projects\rsppproject\node_modules\express\lib\router\index.js:280:10)
    at userCheck (C:\Users\homehome\Desktop\projects\rsppproject\sessionManager.js:229:13)
    at Layer.handle [as handle_request] (C:\Users\homehome\Desktop\projects\rsppproject\node_modules\express\lib\router\layer.js:95:5)
    at trim_prefix (C:\Users\homehome\Desktop\projects\rsppproject\node_modules\express\lib\router\index.js:328:13)
2023-09-16 22:39:59 [RSPPProject] error: uncaughtException: Cannot read properties of undefined (reading 'username')
TypeError: Cannot read properties of undefined (reading 'username')
    at validate (C:\Users\homehome\Desktop\projects\rsppproject\sessionManager.js:15:27)
    at userSessionCheck (C:\Users\homehome\Desktop\projects\rsppproject\sessionManager.js:75:41)
    at Layer.handle [as handle_request] (C:\Users\homehome\Desktop\projects\rsppproject\node_modules\express\lib\router\layer.js:95:5)
    at trim_prefix (C:\Users\homehome\Desktop\projects\rsppproject\node_modules\express\lib\router\index.js:328:13)
    at C:\Users\homehome\Desktop\projects\rsppproject\node_modules\express\lib\router\index.js:286:9
    at Function.process_params (C:\Users\homehome\Desktop\projects\rsppproject\node_modules\express\lib\router\index.js:346:12)
    at next (C:\Users\homehome\Desktop\projects\rsppproject\node_modules\express\lib\router\index.js:280:10)
    at userCheck (C:\Users\homehome\Desktop\projects\rsppproject\sessionManager.js:229:13)
    at Layer.handle [as handle_request] (C:\Users\homehome\Desktop\projects\rsppproject\node_modules\express\lib\router\layer.js:95:5)
    at trim_prefix (C:\Users\homehome\Desktop\projects\rsppproject\node_modules\express\lib\router\index.js:328:13)
2023-09-16 22:39:59 [RSPPProject] error: uncaughtException: Cannot read properties of undefined (reading 'username')
TypeError: Cannot read properties of undefined (reading 'username')
    at validate (C:\Users\homehome\Desktop\projects\rsppproject\sessionManager.js:15:27)
    at userSessionCheck (C:\Users\homehome\Desktop\projects\rsppproject\sessionManager.js:75:41)
    at Layer.handle [as handle_request] (C:\Users\homehome\Desktop\projects\rsppproject\node_modules\express\lib\router\layer.js:95:5)
    at trim_prefix (C:\Users\homehome\Desktop\projects\rsppproject\node_modules\express\lib\router\index.js:328:13)
    at C:\Users\homehome\Desktop\projects\rsppproject\node_modules\express\lib\router\index.js:286:9
    at Function.process_params (C:\Users\homehome\Desktop\projects\rsppproject\node_modules\express\lib\router\index.js:346:12)
    at next (C:\Users\homehome\Desktop\projects\rsppproject\node_modules\express\lib\router\index.js:280:10)
    at userCheck (C:\Users\homehome\Desktop\projects\rsppproject\sessionManager.js:229:13)
    at Layer.handle [as handle_request] (C:\Users\homehome\Desktop\projects\rsppproject\node_modules\express\lib\router\layer.js:95:5)
    at trim_prefix (C:\Users\homehome\Desktop\projects\rsppproject\node_modules\express\lib\router\index.js:328:13)
2023-09-16 22:39:59 [RSPPProject] error: uncaughtException: Cannot read properties of undefined (reading 'username')
TypeError: Cannot read properties of undefined (reading 'username')
    at validate (C:\Users\homehome\Desktop\projects\rsppproject\sessionManager.js:15:27)
    at userSessionCheck (C:\Users\homehome\Desktop\projects\rsppproject\sessionManager.js:75:41)
    at Layer.handle [as handle_request] (C:\Users\homehome\Desktop\projects\rsppproject\node_modules\express\lib\router\layer.js:95:5)
    at trim_prefix (C:\Users\homehome\Desktop\projects\rsppproject\node_modules\express\lib\router\index.js:328:13)
    at C:\Users\homehome\Desktop\projects\rsppproject\node_modules\express\lib\router\index.js:286:9
    at Function.process_params (C:\Users\homehome\Desktop\projects\rsppproject\node_modules\express\lib\router\index.js:346:12)
    at next (C:\Users\homehome\Desktop\projects\rsppproject\node_modules\express\lib\router\index.js:280:10)
    at userCheck (C:\Users\homehome\Desktop\projects\rsppproject\sessionManager.js:229:13)
    at Layer.handle [as handle_request] (C:\Users\homehome\Desktop\projects\rsppproject\node_modules\express\lib\router\layer.js:95:5)
    at trim_prefix (C:\Users\homehome\Desktop\projects\rsppproject\node_modules\express\lib\router\index.js:328:13)
2023-09-16 22:39:59 [RSPPProject] error: uncaughtException: Cannot read properties of undefined (reading 'username')
TypeError: Cannot read properties of undefined (reading 'username')
    at validate (C:\Users\homehome\Desktop\projects\rsppproject\sessionManager.js:15:27)
    at userSessionCheck (C:\Users\homehome\Desktop\projects\rsppproject\sessionManager.js:75:41)
    at Layer.handle [as handle_request] (C:\Users\homehome\Desktop\projects\rsppproject\node_modules\express\lib\router\layer.js:95:5)
    at trim_prefix (C:\Users\homehome\Desktop\projects\rsppproject\node_modules\express\lib\router\index.js:328:13)
    at C:\Users\homehome\Desktop\projects\rsppproject\node_modules\express\lib\router\index.js:286:9
    at Function.process_params (C:\Users\homehome\Desktop\projects\rsppproject\node_modules\express\lib\router\index.js:346:12)
    at next (C:\Users\homehome\Desktop\projects\rsppproject\node_modules\express\lib\router\index.js:280:10)
    at userCheck (C:\Users\homehome\Desktop\projects\rsppproject\sessionManager.js:229:13)
    at Layer.handle [as handle_request] (C:\Users\homehome\Desktop\projects\rsppproject\node_modules\express\lib\router\layer.js:95:5)
    at trim_prefix (C:\Users\homehome\Desktop\projects\rsppproject\node_modules\express\lib\router\index.js:328:13)
2023-09-16 22:39:59 [RSPPProject] error: uncaughtException: Cannot read properties of undefined (reading 'username')
TypeError: Cannot read properties of undefined (reading 'username')
    at validate (C:\Users\homehome\Desktop\projects\rsppproject\sessionManager.js:15:27)
    at userSessionCheck (C:\Users\homehome\Desktop\projects\rsppproject\sessionManager.js:75:41)
    at Layer.handle [as handle_request] (C:\Users\homehome\Desktop\projects\rsppproject\node_modules\express\lib\router\layer.js:95:5)
    at trim_prefix (C:\Users\homehome\Desktop\projects\rsppproject\node_modules\express\lib\router\index.js:328:13)
    at C:\Users\homehome\Desktop\projects\rsppproject\node_modules\express\lib\router\index.js:286:9
    at Function.process_params (C:\Users\homehome\Desktop\projects\rsppproject\node_modules\express\lib\router\index.js:346:12)
    at next (C:\Users\homehome\Desktop\projects\rsppproject\node_modules\express\lib\router\index.js:280:10)
    at userCheck (C:\Users\homehome\Desktop\projects\rsppproject\sessionManager.js:229:13)
    at Layer.handle [as handle_request] (C:\Users\homehome\Desktop\projects\rsppproject\node_modules\express\lib\router\layer.js:95:5)
    at trim_prefix (C:\Users\homehome\Desktop\projects\rsppproject\node_modules\express\lib\router\index.js:328:13)
2023-09-16 22:39:59 [RSPPProject] error: uncaughtException: Cannot read properties of undefined (reading 'username')
TypeError: Cannot read properties of undefined (reading 'username')
    at validate (C:\Users\homehome\Desktop\projects\rsppproject\sessionManager.js:15:27)
    at userSessionCheck (C:\Users\homehome\Desktop\projects\rsppproject\sessionManager.js:75:41)
    at Layer.handle [as handle_request] (C:\Users\homehome\Desktop\projects\rsppproject\node_modules\express\lib\router\layer.js:95:5)
    at trim_prefix (C:\Users\homehome\Desktop\projects\rsppproject\node_modules\express\lib\router\index.js:328:13)
    at C:\Users\homehome\Desktop\projects\rsppproject\node_modules\express\lib\router\index.js:286:9
    at Function.process_params (C:\Users\homehome\Desktop\projects\rsppproject\node_modules\express\lib\router\index.js:346:12)
    at next (C:\Users\homehome\Desktop\projects\rsppproject\node_modules\express\lib\router\index.js:280:10)
    at userCheck (C:\Users\homehome\Desktop\projects\rsppproject\sessionManager.js:229:13)
    at Layer.handle [as handle_request] (C:\Users\homehome\Desktop\projects\rsppproject\node_modules\express\lib\router\layer.js:95:5)
    at trim_prefix (C:\Users\homehome\Desktop\projects\rsppproject\node_modules\express\lib\router\index.js:328:13)
