2023-09-15 13:32:40 [RSPPProject] info: module loaded and started initialization.
2023-09-15 13:32:41 [RSPPProject] info: initialized.
2023-09-15 13:32:41 [RSPPProject] info: Started!
2023-09-15 13:32:39 [RSPPProject] info: Session Store ready ✔
2023-09-15 13:32:40 [RSPPProject] info: Session Manager ready ✔
2023-09-15 14:05:08 [RSPPProject] info: module loaded and started initialization.
2023-09-15 14:05:09 [RSPPProject] info: initialized.
2023-09-15 14:05:09 [RSPPProject] info: Started!
2023-09-15 14:05:07 [RSPPProject] info: Session Store ready ✔
2023-09-15 14:05:08 [RSPPProject] info: Session Manager ready ✔
2023-09-15 14:06:12 [RSPPProject] info: Logged in. (yojokem)
2023-09-15 14:07:55 [RSPPProject] info: module loaded and started initialization.
2023-09-15 14:07:55 [RSPPProject] info: initialized.
2023-09-15 14:07:55 [RSPPProject] info: Started!
2023-09-15 14:07:54 [RSPPProject] info: Session Store ready ✔
2023-09-15 14:07:55 [RSPPProject] info: Session Manager ready ✔
2023-09-15 14:09:02 [RSPPProject] info: module loaded and started initialization.
2023-09-15 14:09:03 [RSPPProject] info: initialized.
2023-09-15 14:09:03 [RSPPProject] info: Started!
2023-09-15 14:09:01 [RSPPProject] info: Session Store ready ✔
2023-09-15 14:09:02 [RSPPProject] info: Session Manager ready ✔
2023-09-15 14:09:20 [RSPPProject] info: Logged in. (yojokem)
2023-09-15 14:13:12 [RSPPProject] info: module loaded and started initialization.
2023-09-15 14:13:12 [RSPPProject] info: initialized.
2023-09-15 14:13:12 [RSPPProject] info: Started!
2023-09-15 14:13:11 [RSPPProject] info: Session Store ready ✔
2023-09-15 14:13:12 [RSPPProject] info: Session Manager ready ✔
2023-09-15 14:13:29 [RSPPProject] info: Logged in. (yojokem)
2023-09-15 14:15:34 [RSPPProject] info: module loaded and started initialization.
2023-09-15 14:15:33 [RSPPProject] info: Session Store ready ✔
2023-09-15 14:15:34 [RSPPProject] info: Session Manager ready ✔
2023-09-15 14:16:00 [RSPPProject] info: module loaded and started initialization.
2023-09-15 14:16:00 [RSPPProject] info: Session Store ready ✔
2023-09-15 14:16:00 [RSPPProject] info: Session Manager ready ✔
2023-09-15 14:17:16 [RSPPProject] info: module loaded and started initialization.
2023-09-15 14:17:15 [RSPPProject] info: Session Store ready ✔
2023-09-15 14:17:16 [RSPPProject] info: Session Manager ready ✔
2023-09-15 14:17:26 [RSPPProject] info: module loaded and started initialization.
2023-09-15 14:17:25 [RSPPProject] info: Session Store ready ✔
2023-09-15 14:17:26 [RSPPProject] info: Session Manager ready ✔
2023-09-15 14:17:37 [RSPPProject] info: module loaded and started initialization.
2023-09-15 14:17:36 [RSPPProject] info: Session Store ready ✔
2023-09-15 14:17:37 [RSPPProject] info: Session Manager ready ✔
2023-09-15 14:17:53 [RSPPProject] info: module loaded and started initialization.
2023-09-15 14:17:53 [RSPPProject] info: initialized.
2023-09-15 14:17:53 [RSPPProject] info: Started!
2023-09-15 14:17:52 [RSPPProject] info: Session Store ready ✔
2023-09-15 14:17:53 [RSPPProject] info: Session Manager ready ✔
2023-09-15 14:18:07 [RSPPProject] info: Logged in. (yojokem)
2023-09-15 14:18:22 [RSPPProject] info: module loaded and started initialization.
2023-09-15 14:18:22 [RSPPProject] info: initialized.
2023-09-15 14:18:22 [RSPPProject] info: Started!
2023-09-15 14:18:21 [RSPPProject] info: Session Store ready ✔
2023-09-15 14:18:22 [RSPPProject] info: Session Manager ready ✔
2023-09-15 14:18:39 [RSPPProject] info: Logged in. (yojokem)
2023-09-15 14:20:28 [RSPPProject] info: module loaded and started initialization.
2023-09-15 14:20:29 [RSPPProject] info: initialized.
2023-09-15 14:20:29 [RSPPProject] info: Started!
2023-09-15 14:20:28 [RSPPProject] info: Session Store ready ✔
2023-09-15 14:20:28 [RSPPProject] info: Session Manager ready ✔
2023-09-15 14:20:39 [RSPPProject] info: Logged in. (yojokem)
2023-09-15 14:21:30 [RSPPProject] info: module loaded and started initialization.
2023-09-15 14:21:30 [RSPPProject] info: initialized.
2023-09-15 14:21:30 [RSPPProject] info: Started!
2023-09-15 14:21:29 [RSPPProject] info: Session Store ready ✔
2023-09-15 14:21:30 [RSPPProject] info: Session Manager ready ✔
2023-09-15 14:21:42 [RSPPProject] info: Logged in. (yojokem)
2023-09-15 14:22:06 [RSPPProject] info: Logged in. (yojokem)
2023-09-15 14:23:02 [RSPPProject] info: module loaded and started initialization.
2023-09-15 14:23:03 [RSPPProject] info: initialized.
2023-09-15 14:23:03 [RSPPProject] info: Started!
2023-09-15 14:23:01 [RSPPProject] info: Session Store ready ✔
2023-09-15 14:23:02 [RSPPProject] info: Session Manager ready ✔
2023-09-15 14:23:12 [RSPPProject] info: Logged in. (yojokem)
2023-09-15 14:23:20 [RSPPProject] info: Logged in. (yojokem)
2023-09-15 14:24:12 [RSPPProject] info: module loaded and started initialization.
2023-09-15 14:24:13 [RSPPProject] info: initialized.
2023-09-15 14:24:13 [RSPPProject] info: Started!
2023-09-15 14:24:11 [RSPPProject] info: Session Store ready ✔
2023-09-15 14:24:12 [RSPPProject] info: Session Manager ready ✔
2023-09-15 14:24:18 [RSPPProject] info: Logged in. (yojokem)
2023-09-15 14:24:25 [RSPPProject] info: Logged in. (yojokem)
