2023-09-09 10:17:43 [RSPPProject] info: module loaded and started initialization.
2023-09-09 10:17:44 [RSPPProject] info: initialized.
2023-09-09 10:17:44 [RSPPProject] info: Started!
2023-09-09 10:25:24 [RSPPProject] info: module loaded and started initialization.
2023-09-09 10:25:25 [RSPPProject] info: initialized.
2023-09-09 10:25:25 [RSPPProject] info: Started!
2023-09-09 10:25:24 [RSPPProject] info: Session Manager ready ✔
2023-09-09 10:28:58 [RSPPProject] info: module loaded and started initialization.
2023-09-09 10:28:59 [RSPPProject] info: initialized.
2023-09-09 10:28:59 [RSPPProject] info: Started!
2023-09-09 10:28:58 [RSPPProject] info: Session Store ready ✔
2023-09-09 10:28:58 [RSPPProject] info: Session Manager ready ✔
2023-09-09 10:30:56 [RSPPProject] info: module loaded and started initialization.
2023-09-09 10:30:58 [RSPPProject] info: initialized.
2023-09-09 10:30:58 [RSPPProject] info: Started!
2023-09-09 10:30:56 [RSPPProject] info: Session Store ready ✔
2023-09-09 10:30:56 [RSPPProject] info: Session Manager ready ✔
2023-09-09 10:31:54 [RSPPProject] info: module loaded and started initialization.
2023-09-09 10:31:56 [RSPPProject] info: initialized.
2023-09-09 10:31:56 [RSPPProject] info: Started!
2023-09-09 10:31:54 [RSPPProject] info: Session Store ready ✔
2023-09-09 10:31:54 [RSPPProject] info: Session Manager ready ✔
2023-09-09 10:34:46 [RSPPProject] info: module loaded and started initialization.
2023-09-09 10:34:47 [RSPPProject] info: initialized.
2023-09-09 10:34:47 [RSPPProject] info: Started!
2023-09-09 10:34:46 [RSPPProject] info: Session Store ready ✔
2023-09-09 10:34:46 [RSPPProject] info: Session Manager ready ✔
2023-09-09 10:35:45 [RSPPProject] info: module loaded and started initialization.
2023-09-09 10:35:46 [RSPPProject] info: initialized.
2023-09-09 10:35:46 [RSPPProject] info: Started!
2023-09-09 10:35:45 [RSPPProject] info: Session Store ready ✔
2023-09-09 10:35:45 [RSPPProject] info: Session Manager ready ✔
2023-09-09 10:37:30 [RSPPProject] info: Session Store ready ✔
2023-09-09 10:37:49 [RSPPProject] info: module loaded and started initialization.
2023-09-09 10:37:51 [RSPPProject] info: initialized.
2023-09-09 10:37:51 [RSPPProject] info: Started!
2023-09-09 10:37:49 [RSPPProject] info: Session Store ready ✔
2023-09-09 10:37:49 [RSPPProject] info: Session Manager ready ✔
2023-09-09 10:39:46 [RSPPProject] info: module loaded and started initialization.
2023-09-09 10:39:47 [RSPPProject] info: initialized.
2023-09-09 10:39:47 [RSPPProject] info: Started!
2023-09-09 10:39:45 [RSPPProject] info: Session Store ready ✔
2023-09-09 10:39:46 [RSPPProject] info: Session Manager ready ✔
2023-09-09 10:40:21 [RSPPProject] info: module loaded and started initialization.
2023-09-09 10:40:21 [RSPPProject] info: initialized.
2023-09-09 10:40:21 [RSPPProject] info: Started!
2023-09-09 10:40:20 [RSPPProject] info: Session Store ready ✔
2023-09-09 10:40:21 [RSPPProject] info: Session Manager ready ✔
2023-09-09 10:43:44 [RSPPProject] info: module loaded and started initialization.
2023-09-09 10:43:45 [RSPPProject] info: initialized.
2023-09-09 10:43:45 [RSPPProject] info: Started!
2023-09-09 10:43:44 [RSPPProject] info: Session Store ready ✔
2023-09-09 10:43:44 [RSPPProject] info: Session Manager ready ✔
2023-09-09 10:44:56 [RSPPProject] info: module loaded and started initialization.
2023-09-09 10:44:56 [RSPPProject] info: initialized.
2023-09-09 10:44:56 [RSPPProject] info: Started!
2023-09-09 10:44:55 [RSPPProject] info: Session Store ready ✔
2023-09-09 10:44:56 [RSPPProject] info: Session Manager ready ✔
2023-09-09 10:47:38 [RSPPProject] info: module loaded and started initialization.
2023-09-09 10:47:39 [RSPPProject] info: initialized.
2023-09-09 10:47:39 [RSPPProject] info: Started!
2023-09-09 10:47:38 [RSPPProject] info: Session Store ready ✔
2023-09-09 10:47:38 [RSPPProject] info: Session Manager ready ✔
2023-09-09 10:47:58 [RSPPProject] info: module loaded and started initialization.
2023-09-09 10:47:59 [RSPPProject] info: initialized.
2023-09-09 10:47:59 [RSPPProject] info: Started!
2023-09-09 10:47:57 [RSPPProject] info: Session Store ready ✔
2023-09-09 10:47:58 [RSPPProject] info: Session Manager ready ✔
2023-09-09 10:52:07 [RSPPProject] info: module loaded and started initialization.
2023-09-09 10:52:08 [RSPPProject] info: initialized.
2023-09-09 10:52:08 [RSPPProject] info: Started!
2023-09-09 10:52:06 [RSPPProject] info: Session Store ready ✔
2023-09-09 10:52:07 [RSPPProject] info: Session Manager ready ✔
2023-09-09 10:54:23 [RSPPProject] info: module loaded and started initialization.
2023-09-09 10:54:24 [RSPPProject] info: initialized.
2023-09-09 10:54:24 [RSPPProject] info: Started!
2023-09-09 10:54:22 [RSPPProject] info: Session Store ready ✔
2023-09-09 10:54:23 [RSPPProject] info: Session Manager ready ✔
2023-09-09 10:54:53 [RSPPProject] info: module loaded and started initialization.
2023-09-09 10:54:53 [RSPPProject] info: initialized.
2023-09-09 10:54:53 [RSPPProject] info: Started!
2023-09-09 10:54:52 [RSPPProject] info: Session Store ready ✔
2023-09-09 10:54:53 [RSPPProject] info: Session Manager ready ✔
2023-09-09 10:55:31 [RSPPProject] info: module loaded and started initialization.
2023-09-09 10:55:32 [RSPPProject] info: initialized.
2023-09-09 10:55:32 [RSPPProject] info: Started!
2023-09-09 10:55:31 [RSPPProject] info: Session Store ready ✔
2023-09-09 10:55:31 [RSPPProject] info: Session Manager ready ✔
2023-09-09 10:55:46 [RSPPProject] info: module loaded and started initialization.
2023-09-09 10:55:46 [RSPPProject] info: initialized.
2023-09-09 10:55:46 [RSPPProject] info: Started!
2023-09-09 10:55:45 [RSPPProject] info: Session Store ready ✔
2023-09-09 10:55:46 [RSPPProject] info: Session Manager ready ✔
2023-09-09 10:56:25 [RSPPProject] info: module loaded and started initialization.
2023-09-09 10:56:25 [RSPPProject] info: initialized.
2023-09-09 10:56:25 [RSPPProject] info: Started!
2023-09-09 10:56:24 [RSPPProject] info: Session Store ready ✔
2023-09-09 10:56:25 [RSPPProject] info: Session Manager ready ✔
2023-09-09 10:56:49 [RSPPProject] info: module loaded and started initialization.
2023-09-09 10:56:50 [RSPPProject] info: initialized.
2023-09-09 10:56:50 [RSPPProject] info: Started!
2023-09-09 10:56:48 [RSPPProject] info: Session Store ready ✔
2023-09-09 10:56:49 [RSPPProject] info: Session Manager ready ✔
2023-09-09 10:57:49 [RSPPProject] info: module loaded and started initialization.
2023-09-09 10:57:49 [RSPPProject] info: initialized.
2023-09-09 10:57:49 [RSPPProject] info: Started!
2023-09-09 10:57:48 [RSPPProject] info: Session Store ready ✔
2023-09-09 10:57:49 [RSPPProject] info: Session Manager ready ✔
2023-09-09 15:23:05 [RSPPProject] info: module loaded and started initialization.
2023-09-09 15:23:06 [RSPPProject] info: initialized.
2023-09-09 15:23:06 [RSPPProject] info: Started!
2023-09-09 15:23:05 [RSPPProject] info: Session Store ready ✔
2023-09-09 15:23:05 [RSPPProject] info: Session Manager ready ✔
2023-09-09 16:45:23 [RSPPProject] info: module loaded and started initialization.
2023-09-09 16:45:24 [RSPPProject] info: initialized.
2023-09-09 16:45:24 [RSPPProject] info: Started!
2023-09-09 16:45:22 [RSPPProject] info: Session Store ready ✔
2023-09-09 16:45:23 [RSPPProject] info: Session Manager ready ✔
2023-09-09 17:25:03 [RSPPProject] info: module loaded and started initialization.
2023-09-09 17:25:04 [RSPPProject] info: initialized.
2023-09-09 17:25:04 [RSPPProject] info: Started!
2023-09-09 17:25:02 [RSPPProject] info: Session Store ready ✔
2023-09-09 17:25:03 [RSPPProject] info: Session Manager ready ✔
2023-09-09 17:29:04 [RSPPProject] info: module loaded and started initialization.
2023-09-09 17:29:05 [RSPPProject] info: initialized.
2023-09-09 17:29:05 [RSPPProject] info: Started!
2023-09-09 17:29:04 [RSPPProject] info: Session Store ready ✔
2023-09-09 17:29:04 [RSPPProject] info: Session Manager ready ✔
2023-09-09 17:48:33 [RSPPProject] info: module loaded and started initialization.
2023-09-09 17:48:34 [RSPPProject] info: initialized.
2023-09-09 17:48:34 [RSPPProject] info: Started!
2023-09-09 17:48:33 [RSPPProject] info: Session Store ready ✔
2023-09-09 17:48:33 [RSPPProject] info: Session Manager ready ✔
2023-09-09 17:50:14 [RSPPProject] info: module loaded and started initialization.
2023-09-09 17:50:14 [RSPPProject] info: initialized.
2023-09-09 17:50:14 [RSPPProject] info: Started!
2023-09-09 17:50:13 [RSPPProject] info: Session Store ready ✔
2023-09-09 17:50:14 [RSPPProject] info: Session Manager ready ✔
2023-09-09 17:51:39 [RSPPProject] info: module loaded and started initialization.
2023-09-09 17:51:40 [RSPPProject] info: initialized.
2023-09-09 17:51:40 [RSPPProject] info: Started!
2023-09-09 17:51:39 [RSPPProject] info: Session Store ready ✔
2023-09-09 17:51:39 [RSPPProject] info: Session Manager ready ✔
2023-09-09 18:26:26 [RSPPProject] info: module loaded and started initialization.
2023-09-09 18:26:27 [RSPPProject] info: initialized.
2023-09-09 18:26:27 [RSPPProject] info: Started!
2023-09-09 18:26:26 [RSPPProject] info: Session Store ready ✔
2023-09-09 18:26:26 [RSPPProject] info: Session Manager ready ✔
2023-09-09 18:27:29 [RSPPProject] info: module loaded and started initialization.
2023-09-09 18:27:30 [RSPPProject] info: initialized.
2023-09-09 18:27:30 [RSPPProject] info: Started!
2023-09-09 18:27:29 [RSPPProject] info: Session Store ready ✔
2023-09-09 18:27:29 [RSPPProject] info: Session Manager ready ✔
2023-09-09 18:27:50 [RSPPProject] info: module loaded and started initialization.
2023-09-09 18:27:51 [RSPPProject] info: initialized.
2023-09-09 18:27:51 [RSPPProject] info: Started!
2023-09-09 18:27:50 [RSPPProject] info: Session Store ready ✔
2023-09-09 18:27:50 [RSPPProject] info: Session Manager ready ✔
2023-09-09 18:28:40 [RSPPProject] info: module loaded and started initialization.
2023-09-09 18:28:40 [RSPPProject] info: initialized.
2023-09-09 18:28:40 [RSPPProject] info: Started!
2023-09-09 18:28:39 [RSPPProject] info: Session Store ready ✔
2023-09-09 18:28:40 [RSPPProject] info: Session Manager ready ✔
2023-09-09 18:28:40 [RSPPProject] info: module loaded and started initialization.
2023-09-09 18:28:41 [RSPPProject] info: initialized.
2023-09-09 18:28:39 [RSPPProject] info: Session Store ready ✔
2023-09-09 18:28:40 [RSPPProject] info: Session Manager ready ✔
2023-09-09 18:29:28 [RSPPProject] info: module loaded and started initialization.
2023-09-09 18:29:28 [RSPPProject] info: initialized.
2023-09-09 18:29:28 [RSPPProject] info: Started!
2023-09-09 18:29:27 [RSPPProject] info: Session Store ready ✔
2023-09-09 18:29:28 [RSPPProject] info: Session Manager ready ✔
2023-09-09 18:30:38 [RSPPProject] info: module loaded and started initialization.
2023-09-09 18:30:39 [RSPPProject] info: initialized.
2023-09-09 18:30:39 [RSPPProject] info: Started!
2023-09-09 18:30:38 [RSPPProject] info: Session Store ready ✔
2023-09-09 18:30:38 [RSPPProject] info: Session Manager ready ✔
2023-09-09 18:31:05 [RSPPProject] info: module loaded and started initialization.
2023-09-09 18:31:06 [RSPPProject] info: initialized.
2023-09-09 18:31:06 [RSPPProject] info: Started!
2023-09-09 18:31:05 [RSPPProject] info: Session Store ready ✔
2023-09-09 18:31:05 [RSPPProject] info: Session Manager ready ✔
2023-09-09 18:33:09 [RSPPProject] info: module loaded and started initialization.
2023-09-09 18:33:10 [RSPPProject] info: initialized.
2023-09-09 18:33:10 [RSPPProject] info: Started!
2023-09-09 18:33:09 [RSPPProject] info: Session Store ready ✔
2023-09-09 18:33:09 [RSPPProject] info: Session Manager ready ✔
2023-09-09 18:33:36 [RSPPProject] info: module loaded and started initialization.
2023-09-09 18:33:37 [RSPPProject] info: initialized.
2023-09-09 18:33:37 [RSPPProject] info: Started!
2023-09-09 18:33:36 [RSPPProject] info: Session Store ready ✔
2023-09-09 18:33:36 [RSPPProject] info: Session Manager ready ✔
2023-09-09 21:48:46 [RSPPProject] info: module loaded and started initialization.
2023-09-09 21:48:47 [RSPPProject] info: initialized.
2023-09-09 21:48:47 [RSPPProject] info: Started!
2023-09-09 21:48:46 [RSPPProject] info: Session Store ready ✔
2023-09-09 21:48:46 [RSPPProject] info: Session Manager ready ✔
2023-09-09 21:51:47 [RSPPProject] info: module loaded and started initialization.
2023-09-09 21:51:48 [RSPPProject] info: initialized.
2023-09-09 21:51:48 [RSPPProject] info: Started!
2023-09-09 21:51:46 [RSPPProject] info: Session Store ready ✔
2023-09-09 21:51:47 [RSPPProject] info: Session Manager ready ✔
2023-09-09 21:53:29 [RSPPProject] info: module loaded and started initialization.
2023-09-09 21:53:30 [RSPPProject] info: initialized.
2023-09-09 21:53:30 [RSPPProject] info: Started!
2023-09-09 21:53:28 [RSPPProject] info: Session Store ready ✔
2023-09-09 21:53:29 [RSPPProject] info: Session Manager ready ✔
