2023-09-19 22:40:10 [RSPPProject] error: uncaughtException: Unknown attribute "manager" passed as targetKey, define this attribute on model "user" first
Error: Unknown attribute "manager" passed as targetKey, define this attribute on model "user" first
    at new BelongsTo (C:\Users\homehome\Desktop\projects\rsppproject\node_modules\sequelize\lib\associations\belongs-to.js:55:13)
    at board.<anonymous> (C:\Users\homehome\Desktop\projects\rsppproject\node_modules\sequelize\lib\associations\mixin.js:70:25)
    at initModels (C:\Users\homehome\Desktop\projects\rsppproject\models\init-models.js:37:9)
    at Object.<anonymous> (C:\Users\homehome\Desktop\projects\rsppproject\sequelManager.js:20:13)
    at Module._compile (node:internal/modules/cjs/loader:1254:14)
    at Module._extensions..js (node:internal/modules/cjs/loader:1308:10)
    at Module.load (node:internal/modules/cjs/loader:1117:32)
    at Module._load (node:internal/modules/cjs/loader:958:12)
    at Module.require (node:internal/modules/cjs/loader:1141:19)
    at require (node:internal/modules/cjs/helpers:110:18)
2023-09-19 22:40:10 [RSPPProject] error: uncaughtException: Unknown attribute "manager" passed as targetKey, define this attribute on model "user" first
Error: Unknown attribute "manager" passed as targetKey, define this attribute on model "user" first
    at new BelongsTo (C:\Users\homehome\Desktop\projects\rsppproject\node_modules\sequelize\lib\associations\belongs-to.js:55:13)
    at board.<anonymous> (C:\Users\homehome\Desktop\projects\rsppproject\node_modules\sequelize\lib\associations\mixin.js:70:25)
    at initModels (C:\Users\homehome\Desktop\projects\rsppproject\models\init-models.js:37:9)
    at Object.<anonymous> (C:\Users\homehome\Desktop\projects\rsppproject\sequelManager.js:20:13)
    at Module._compile (node:internal/modules/cjs/loader:1254:14)
    at Module._extensions..js (node:internal/modules/cjs/loader:1308:10)
    at Module.load (node:internal/modules/cjs/loader:1117:32)
    at Module._load (node:internal/modules/cjs/loader:958:12)
    at Module.require (node:internal/modules/cjs/loader:1141:19)
    at require (node:internal/modules/cjs/helpers:110:18)
2023-09-19 22:40:10 [RSPPProject] error: uncaughtException: Unknown attribute "manager" passed as targetKey, define this attribute on model "user" first
Error: Unknown attribute "manager" passed as targetKey, define this attribute on model "user" first
    at new BelongsTo (C:\Users\homehome\Desktop\projects\rsppproject\node_modules\sequelize\lib\associations\belongs-to.js:55:13)
    at board.<anonymous> (C:\Users\homehome\Desktop\projects\rsppproject\node_modules\sequelize\lib\associations\mixin.js:70:25)
    at initModels (C:\Users\homehome\Desktop\projects\rsppproject\models\init-models.js:37:9)
    at Object.<anonymous> (C:\Users\homehome\Desktop\projects\rsppproject\sequelManager.js:20:13)
    at Module._compile (node:internal/modules/cjs/loader:1254:14)
    at Module._extensions..js (node:internal/modules/cjs/loader:1308:10)
    at Module.load (node:internal/modules/cjs/loader:1117:32)
    at Module._load (node:internal/modules/cjs/loader:958:12)
    at Module.require (node:internal/modules/cjs/loader:1141:19)
    at require (node:internal/modules/cjs/helpers:110:18)
2023-09-19 22:40:10 [RSPPProject] error: uncaughtException: Unknown attribute "manager" passed as targetKey, define this attribute on model "user" first
Error: Unknown attribute "manager" passed as targetKey, define this attribute on model "user" first
    at new BelongsTo (C:\Users\homehome\Desktop\projects\rsppproject\node_modules\sequelize\lib\associations\belongs-to.js:55:13)
    at board.<anonymous> (C:\Users\homehome\Desktop\projects\rsppproject\node_modules\sequelize\lib\associations\mixin.js:70:25)
    at initModels (C:\Users\homehome\Desktop\projects\rsppproject\models\init-models.js:37:9)
    at Object.<anonymous> (C:\Users\homehome\Desktop\projects\rsppproject\sequelManager.js:20:13)
    at Module._compile (node:internal/modules/cjs/loader:1254:14)
    at Module._extensions..js (node:internal/modules/cjs/loader:1308:10)
    at Module.load (node:internal/modules/cjs/loader:1117:32)
    at Module._load (node:internal/modules/cjs/loader:958:12)
    at Module.require (node:internal/modules/cjs/loader:1141:19)
    at require (node:internal/modules/cjs/helpers:110:18)
2023-09-19 22:40:10 [RSPPProject] error: uncaughtException: Unknown attribute "manager" passed as targetKey, define this attribute on model "user" first
Error: Unknown attribute "manager" passed as targetKey, define this attribute on model "user" first
    at new BelongsTo (C:\Users\homehome\Desktop\projects\rsppproject\node_modules\sequelize\lib\associations\belongs-to.js:55:13)
    at board.<anonymous> (C:\Users\homehome\Desktop\projects\rsppproject\node_modules\sequelize\lib\associations\mixin.js:70:25)
    at initModels (C:\Users\homehome\Desktop\projects\rsppproject\models\init-models.js:37:9)
    at Object.<anonymous> (C:\Users\homehome\Desktop\projects\rsppproject\sequelManager.js:20:13)
    at Module._compile (node:internal/modules/cjs/loader:1254:14)
    at Module._extensions..js (node:internal/modules/cjs/loader:1308:10)
    at Module.load (node:internal/modules/cjs/loader:1117:32)
    at Module._load (node:internal/modules/cjs/loader:958:12)
    at Module.require (node:internal/modules/cjs/loader:1141:19)
    at require (node:internal/modules/cjs/helpers:110:18)
2023-09-19 22:40:10 [RSPPProject] error: uncaughtException: Unknown attribute "manager" passed as targetKey, define this attribute on model "user" first
Error: Unknown attribute "manager" passed as targetKey, define this attribute on model "user" first
    at new BelongsTo (C:\Users\homehome\Desktop\projects\rsppproject\node_modules\sequelize\lib\associations\belongs-to.js:55:13)
    at board.<anonymous> (C:\Users\homehome\Desktop\projects\rsppproject\node_modules\sequelize\lib\associations\mixin.js:70:25)
    at initModels (C:\Users\homehome\Desktop\projects\rsppproject\models\init-models.js:37:9)
    at Object.<anonymous> (C:\Users\homehome\Desktop\projects\rsppproject\sequelManager.js:20:13)
    at Module._compile (node:internal/modules/cjs/loader:1254:14)
    at Module._extensions..js (node:internal/modules/cjs/loader:1308:10)
    at Module.load (node:internal/modules/cjs/loader:1117:32)
    at Module._load (node:internal/modules/cjs/loader:958:12)
    at Module.require (node:internal/modules/cjs/loader:1141:19)
    at require (node:internal/modules/cjs/helpers:110:18)
