2023-09-10 14:02:17 [RSPPProject] info: module loaded and started initialization.
2023-09-10 14:02:17 [RSPPProject] info: initialized.
2023-09-10 14:02:17 [RSPPProject] info: Started!
2023-09-10 14:02:16 [RSPPProject] info: Session Store ready ✔
2023-09-10 14:02:17 [RSPPProject] info: Session Manager ready ✔
2023-09-10 14:15:07 [RSPPProject] info: module loaded and started initialization.
2023-09-10 14:15:07 [RSPPProject] info: initialized.
2023-09-10 14:15:07 [RSPPProject] info: Started!
2023-09-10 14:15:06 [RSPPProject] info: Session Store ready ✔
2023-09-10 14:15:07 [RSPPProject] info: Session Manager ready ✔
2023-09-10 14:17:20 [RSPPProject] info: module loaded and started initialization.
2023-09-10 14:17:21 [RSPPProject] info: initialized.
2023-09-10 14:17:21 [RSPPProject] info: Started!
2023-09-10 14:17:19 [RSPPProject] info: Session Store ready ✔
2023-09-10 14:17:20 [RSPPProject] info: Session Manager ready ✔
2023-09-10 14:17:37 [RSPPProject] info: module loaded and started initialization.
2023-09-10 14:17:38 [RSPPProject] info: initialized.
2023-09-10 14:17:38 [RSPPProject] info: Started!
2023-09-10 14:17:36 [RSPPProject] info: Session Store ready ✔
2023-09-10 14:17:37 [RSPPProject] info: Session Manager ready ✔
2023-09-10 14:17:59 [RSPPProject] info: module loaded and started initialization.
2023-09-10 14:18:00 [RSPPProject] info: initialized.
2023-09-10 14:18:00 [RSPPProject] info: Started!
2023-09-10 14:17:59 [RSPPProject] info: Session Store ready ✔
2023-09-10 14:17:59 [RSPPProject] info: Session Manager ready ✔
2023-09-10 14:18:23 [RSPPProject] info: module loaded and started initialization.
2023-09-10 14:18:23 [RSPPProject] info: initialized.
2023-09-10 14:18:23 [RSPPProject] info: Started!
2023-09-10 14:18:22 [RSPPProject] info: Session Store ready ✔
2023-09-10 14:18:23 [RSPPProject] info: Session Manager ready ✔
2023-09-10 14:18:38 [RSPPProject] info: module loaded and started initialization.
2023-09-10 14:18:39 [RSPPProject] info: initialized.
2023-09-10 14:18:39 [RSPPProject] info: Started!
2023-09-10 14:18:37 [RSPPProject] info: Session Store ready ✔
2023-09-10 14:18:38 [RSPPProject] info: Session Manager ready ✔
2023-09-10 14:18:55 [RSPPProject] info: module loaded and started initialization.
2023-09-10 14:18:55 [RSPPProject] info: initialized.
2023-09-10 14:18:55 [RSPPProject] info: Started!
2023-09-10 14:18:54 [RSPPProject] info: Session Store ready ✔
2023-09-10 14:18:55 [RSPPProject] info: Session Manager ready ✔
2023-09-10 14:31:59 [RSPPProject] info: module loaded and started initialization.
2023-09-10 14:31:59 [RSPPProject] info: initialized.
2023-09-10 14:31:59 [RSPPProject] info: Started!
2023-09-10 14:31:58 [RSPPProject] info: Session Store ready ✔
2023-09-10 14:31:59 [RSPPProject] info: Session Manager ready ✔
2023-09-10 14:34:09 [RSPPProject] info: module loaded and started initialization.
2023-09-10 14:34:09 [RSPPProject] info: initialized.
2023-09-10 14:34:09 [RSPPProject] info: Started!
2023-09-10 14:34:08 [RSPPProject] info: Session Store ready ✔
2023-09-10 14:34:09 [RSPPProject] info: Session Manager ready ✔
2023-09-10 14:38:29 [RSPPProject] info: module loaded and started initialization.
2023-09-10 14:38:30 [RSPPProject] info: initialized.
2023-09-10 14:38:30 [RSPPProject] info: Started!
2023-09-10 14:38:29 [RSPPProject] info: Session Store ready ✔
2023-09-10 14:38:29 [RSPPProject] info: Session Manager ready ✔
